
*** Running vivado
    with args -log design_1_auto_ds_1.vds -m64 -product Vivado -mode batch -messageDb vivado.pb -notrace -source design_1_auto_ds_1.tcl



****** Vivado v2021.1.1 (64-bit)
  **** SW Build 3286242 on Wed Jul 28 13:10:47 MDT 2021
  **** IP Build 3279568 on Wed Jul 28 16:48:48 MDT 2021
    ** Copyright 1986-2021 Xilinx, Inc. All Rights Reserved.

source design_1_auto_ds_1.tcl -notrace
create_project: Time (s): cpu = 00:00:01 ; elapsed = 00:00:06 . Memory (MB): peak = 933.266 ; gain = 95.980
INFO: [IP_Flow 19-234] Refreshing IP repositories
INFO: [IP_Flow 19-1700] Loaded user IP repository 'c:/University/Masters/Year_1/SYSC5906/SYSC5906_Project/Vitis_hls_projects/extend_matrix/extend_matrix_soln/impl/ip'.
INFO: [IP_Flow 19-1700] Loaded user IP repository 'c:/University/Masters/Year_1/SYSC5906/SYSC5906_Project/Vitis_hls_projects/mul_mec_matrix/mul_mec_matrix/solution1/impl/ip'.
INFO: [IP_Flow 19-1700] Loaded user IP repository 'c:/University/Masters/Year_1/SYSC5906/SYSC5906_Project/Vitis_hls_projects/creat_mec_matrix/creat_mec_matrix/solution1/impl/ip'.
INFO: [IP_Flow 19-2313] Loaded Vivado IP repository 'G:/dev_tools/xilinx/Vivado/2021.1/data/ip'.
WARNING: [IP_Flow 19-4995] The host OS only allows 260 characters in a normal path. The IP cache path is more than 80 characters. If you experience issues with IP caching, please consider changing the IP cache to a location with a shorter path. Alternately consider using the OS subst command to map part of the path to a drive letter. 
Current IP cache path is c:/University/Masters/Year_1/SYSC5906/SYSC5906_Project/Vivado_projects/MEC_HLS_implementation/MEC_HLS_implementation.cache/ip 
Command: synth_design -top design_1_auto_ds_1 -part xczu7ev-ffvc1156-2-e -mode out_of_context
Starting synth_design
Attempting to get a license for feature 'Synthesis' and/or device 'xczu7ev'
INFO: [Common 17-349] Got license for feature 'Synthesis' and/or device 'xczu7ev'
INFO: [Device 21-403] Loading part xczu7ev-ffvc1156-2-e
INFO: [Synth 8-7079] Multithreading enabled for synth_design using a maximum of 2 processes.
INFO: [Synth 8-7078] Launching helper process for spawning children vivado processes
INFO: [Synth 8-7075] Helper process launched with PID 24700
---------------------------------------------------------------------------------
Starting RTL Elaboration : Time (s): cpu = 00:00:08 ; elapsed = 00:00:42 . Memory (MB): peak = 1768.383 ; gain = 132.691
---------------------------------------------------------------------------------
INFO: [Synth 8-6157] synthesizing module 'design_1_auto_ds_1' [c:/University/Masters/Year_1/SYSC5906/SYSC5906_Project/Vivado_projects/MEC_HLS_implementation/MEC_HLS_implementation.gen/sources_1/bd/design_1/ip/design_1_auto_ds_1/synth/design_1_auto_ds_1.v:58]
INFO: [Synth 8-6157] synthesizing module 'axi_dwidth_converter_v2_1_24_top' [c:/University/Masters/Year_1/SYSC5906/SYSC5906_Project/Vivado_projects/MEC_HLS_implementation/MEC_HLS_implementation.gen/sources_1/bd/design_1/ipshared/3d13/hdl/axi_dwidth_converter_v2_1_vlsyn_rfs.v:14462]
INFO: [Synth 8-6157] synthesizing module 'axi_dwidth_converter_v2_1_24_axi_downsizer' [c:/University/Masters/Year_1/SYSC5906/SYSC5906_Project/Vivado_projects/MEC_HLS_implementation/MEC_HLS_implementation.gen/sources_1/bd/design_1/ipshared/3d13/hdl/axi_dwidth_converter_v2_1_vlsyn_rfs.v:2380]
INFO: [Synth 8-6157] synthesizing module 'axi_dwidth_converter_v2_1_24_b_downsizer' [c:/University/Masters/Year_1/SYSC5906/SYSC5906_Project/Vivado_projects/MEC_HLS_implementation/MEC_HLS_implementation.gen/sources_1/bd/design_1/ipshared/3d13/hdl/axi_dwidth_converter_v2_1_vlsyn_rfs.v:1251]
INFO: [Synth 8-6155] done synthesizing module 'axi_dwidth_converter_v2_1_24_b_downsizer' (1#1) [c:/University/Masters/Year_1/SYSC5906/SYSC5906_Project/Vivado_projects/MEC_HLS_implementation/MEC_HLS_implementation.gen/sources_1/bd/design_1/ipshared/3d13/hdl/axi_dwidth_converter_v2_1_vlsyn_rfs.v:1251]
INFO: [Synth 8-6157] synthesizing module 'axi_dwidth_converter_v2_1_24_a_downsizer' [c:/University/Masters/Year_1/SYSC5906/SYSC5906_Project/Vivado_projects/MEC_HLS_implementation/MEC_HLS_implementation.gen/sources_1/bd/design_1/ipshared/3d13/hdl/axi_dwidth_converter_v2_1_vlsyn_rfs.v:64]
INFO: [Synth 8-6157] synthesizing module 'axi_data_fifo_v2_1_23_axic_fifo' [c:/University/Masters/Year_1/SYSC5906/SYSC5906_Project/Vivado_projects/MEC_HLS_implementation/MEC_HLS_implementation.gen/sources_1/bd/design_1/ipshared/94ec/hdl/axi_data_fifo_v2_1_vl_rfs.v:64]
INFO: [Synth 8-6157] synthesizing module 'axi_data_fifo_v2_1_23_fifo_gen' [c:/University/Masters/Year_1/SYSC5906/SYSC5906_Project/Vivado_projects/MEC_HLS_implementation/MEC_HLS_implementation.gen/sources_1/bd/design_1/ipshared/94ec/hdl/axi_data_fifo_v2_1_vl_rfs.v:168]
INFO: [Synth 8-6157] synthesizing module 'xpm_cdc_async_rst' [G:/dev_tools/xilinx/Vivado/2021.1/data/ip/xpm/xpm_cdc/hdl/xpm_cdc.sv:1175]
INFO: [Synth 8-6155] done synthesizing module 'xpm_cdc_async_rst' (2#1) [G:/dev_tools/xilinx/Vivado/2021.1/data/ip/xpm/xpm_cdc/hdl/xpm_cdc.sv:1175]
INFO: [Synth 8-6155] done synthesizing module 'axi_data_fifo_v2_1_23_fifo_gen' (20#1) [c:/University/Masters/Year_1/SYSC5906/SYSC5906_Project/Vivado_projects/MEC_HLS_implementation/MEC_HLS_implementation.gen/sources_1/bd/design_1/ipshared/94ec/hdl/axi_data_fifo_v2_1_vl_rfs.v:168]
INFO: [Synth 8-6155] done synthesizing module 'axi_data_fifo_v2_1_23_axic_fifo' (21#1) [c:/University/Masters/Year_1/SYSC5906/SYSC5906_Project/Vivado_projects/MEC_HLS_implementation/MEC_HLS_implementation.gen/sources_1/bd/design_1/ipshared/94ec/hdl/axi_data_fifo_v2_1_vl_rfs.v:64]
INFO: [Synth 8-6157] synthesizing module 'axi_data_fifo_v2_1_23_axic_fifo__parameterized0' [c:/University/Masters/Year_1/SYSC5906/SYSC5906_Project/Vivado_projects/MEC_HLS_implementation/MEC_HLS_implementation.gen/sources_1/bd/design_1/ipshared/94ec/hdl/axi_data_fifo_v2_1_vl_rfs.v:64]
INFO: [Synth 8-6157] synthesizing module 'axi_data_fifo_v2_1_23_fifo_gen__parameterized0' [c:/University/Masters/Year_1/SYSC5906/SYSC5906_Project/Vivado_projects/MEC_HLS_implementation/MEC_HLS_implementation.gen/sources_1/bd/design_1/ipshared/94ec/hdl/axi_data_fifo_v2_1_vl_rfs.v:168]
INFO: [Synth 8-6155] done synthesizing module 'axi_data_fifo_v2_1_23_fifo_gen__parameterized0' (21#1) [c:/University/Masters/Year_1/SYSC5906/SYSC5906_Project/Vivado_projects/MEC_HLS_implementation/MEC_HLS_implementation.gen/sources_1/bd/design_1/ipshared/94ec/hdl/axi_data_fifo_v2_1_vl_rfs.v:168]
INFO: [Synth 8-6155] done synthesizing module 'axi_data_fifo_v2_1_23_axic_fifo__parameterized0' (21#1) [c:/University/Masters/Year_1/SYSC5906/SYSC5906_Project/Vivado_projects/MEC_HLS_implementation/MEC_HLS_implementation.gen/sources_1/bd/design_1/ipshared/94ec/hdl/axi_data_fifo_v2_1_vl_rfs.v:64]
INFO: [Synth 8-6155] done synthesizing module 'axi_dwidth_converter_v2_1_24_a_downsizer' (22#1) [c:/University/Masters/Year_1/SYSC5906/SYSC5906_Project/Vivado_projects/MEC_HLS_implementation/MEC_HLS_implementation.gen/sources_1/bd/design_1/ipshared/3d13/hdl/axi_dwidth_converter_v2_1_vlsyn_rfs.v:64]
INFO: [Synth 8-6157] synthesizing module 'axi_dwidth_converter_v2_1_24_w_downsizer' [c:/University/Masters/Year_1/SYSC5906/SYSC5906_Project/Vivado_projects/MEC_HLS_implementation/MEC_HLS_implementation.gen/sources_1/bd/design_1/ipshared/3d13/hdl/axi_dwidth_converter_v2_1_vlsyn_rfs.v:2016]
INFO: [Synth 8-6155] done synthesizing module 'axi_dwidth_converter_v2_1_24_w_downsizer' (23#1) [c:/University/Masters/Year_1/SYSC5906/SYSC5906_Project/Vivado_projects/MEC_HLS_implementation/MEC_HLS_implementation.gen/sources_1/bd/design_1/ipshared/3d13/hdl/axi_dwidth_converter_v2_1_vlsyn_rfs.v:2016]
INFO: [Synth 8-6157] synthesizing module 'axi_dwidth_converter_v2_1_24_a_downsizer__parameterized0' [c:/University/Masters/Year_1/SYSC5906/SYSC5906_Project/Vivado_projects/MEC_HLS_implementation/MEC_HLS_implementation.gen/sources_1/bd/design_1/ipshared/3d13/hdl/axi_dwidth_converter_v2_1_vlsyn_rfs.v:64]
INFO: [Synth 8-6155] done synthesizing module 'axi_dwidth_converter_v2_1_24_a_downsizer__parameterized0' (23#1) [c:/University/Masters/Year_1/SYSC5906/SYSC5906_Project/Vivado_projects/MEC_HLS_implementation/MEC_HLS_implementation.gen/sources_1/bd/design_1/ipshared/3d13/hdl/axi_dwidth_converter_v2_1_vlsyn_rfs.v:64]
INFO: [Synth 8-6157] synthesizing module 'axi_dwidth_converter_v2_1_24_r_downsizer' [c:/University/Masters/Year_1/SYSC5906/SYSC5906_Project/Vivado_projects/MEC_HLS_implementation/MEC_HLS_implementation.gen/sources_1/bd/design_1/ipshared/3d13/hdl/axi_dwidth_converter_v2_1_vlsyn_rfs.v:1533]
INFO: [Synth 8-6155] done synthesizing module 'axi_dwidth_converter_v2_1_24_r_downsizer' (24#1) [c:/University/Masters/Year_1/SYSC5906/SYSC5906_Project/Vivado_projects/MEC_HLS_implementation/MEC_HLS_implementation.gen/sources_1/bd/design_1/ipshared/3d13/hdl/axi_dwidth_converter_v2_1_vlsyn_rfs.v:1533]
INFO: [Synth 8-6155] done synthesizing module 'axi_dwidth_converter_v2_1_24_axi_downsizer' (25#1) [c:/University/Masters/Year_1/SYSC5906/SYSC5906_Project/Vivado_projects/MEC_HLS_implementation/MEC_HLS_implementation.gen/sources_1/bd/design_1/ipshared/3d13/hdl/axi_dwidth_converter_v2_1_vlsyn_rfs.v:2380]
INFO: [Synth 8-6155] done synthesizing module 'axi_dwidth_converter_v2_1_24_top' (26#1) [c:/University/Masters/Year_1/SYSC5906/SYSC5906_Project/Vivado_projects/MEC_HLS_implementation/MEC_HLS_implementation.gen/sources_1/bd/design_1/ipshared/3d13/hdl/axi_dwidth_converter_v2_1_vlsyn_rfs.v:14462]
INFO: [Synth 8-6155] done synthesizing module 'design_1_auto_ds_1' (27#1) [c:/University/Masters/Year_1/SYSC5906/SYSC5906_Project/Vivado_projects/MEC_HLS_implementation/MEC_HLS_implementation.gen/sources_1/bd/design_1/ip/design_1_auto_ds_1/synth/design_1_auto_ds_1.v:58]
---------------------------------------------------------------------------------
Finished RTL Elaboration : Time (s): cpu = 00:00:15 ; elapsed = 00:01:12 . Memory (MB): peak = 1945.219 ; gain = 309.527
---------------------------------------------------------------------------------
---------------------------------------------------------------------------------
Start Handling Custom Attributes
---------------------------------------------------------------------------------
---------------------------------------------------------------------------------
Finished Handling Custom Attributes : Time (s): cpu = 00:00:16 ; elapsed = 00:01:13 . Memory (MB): peak = 1945.219 ; gain = 309.527
---------------------------------------------------------------------------------
---------------------------------------------------------------------------------
Finished RTL Optimization Phase 1 : Time (s): cpu = 00:00:16 ; elapsed = 00:01:13 . Memory (MB): peak = 1945.219 ; gain = 309.527
---------------------------------------------------------------------------------
Netlist sorting complete. Time (s): cpu = 00:00:01 ; elapsed = 00:00:00.127 . Memory (MB): peak = 1945.219 ; gain = 0.000
INFO: [Project 1-570] Preparing netlist for logic optimization

Processing XDC Constraints
Initializing timing engine
Parsing XDC File [c:/University/Masters/Year_1/SYSC5906/SYSC5906_Project/Vivado_projects/MEC_HLS_implementation/MEC_HLS_implementation.gen/sources_1/bd/design_1/ip/design_1_auto_ds_1/design_1_auto_ds_1_ooc.xdc] for cell 'inst'
create_clock: Time (s): cpu = 00:00:05 ; elapsed = 00:00:06 . Memory (MB): peak = 2038.980 ; gain = 4.176
Finished Parsing XDC File [c:/University/Masters/Year_1/SYSC5906/SYSC5906_Project/Vivado_projects/MEC_HLS_implementation/MEC_HLS_implementation.gen/sources_1/bd/design_1/ip/design_1_auto_ds_1/design_1_auto_ds_1_ooc.xdc] for cell 'inst'
Parsing XDC File [C:/University/Masters/Year_1/SYSC5906/SYSC5906_Project/Vivado_projects/MEC_HLS_implementation/MEC_HLS_implementation.runs/design_1_auto_ds_1_synth_1/dont_touch.xdc]
Finished Parsing XDC File [C:/University/Masters/Year_1/SYSC5906/SYSC5906_Project/Vivado_projects/MEC_HLS_implementation/MEC_HLS_implementation.runs/design_1_auto_ds_1_synth_1/dont_touch.xdc]
INFO: [Project 1-1714] 3 XPM XDC files have been applied to the design.
Completed Processing XDC Constraints

Netlist sorting complete. Time (s): cpu = 00:00:00 ; elapsed = 00:00:00.001 . Memory (MB): peak = 2038.980 ; gain = 0.000
INFO: [Project 1-111] Unisim Transformation Summary:
No Unisim elements were transformed.

Constraint Validation Runtime : Time (s): cpu = 00:00:01 ; elapsed = 00:00:00.106 . Memory (MB): peak = 2038.980 ; gain = 0.000
---------------------------------------------------------------------------------
Finished Constraint Validation : Time (s): cpu = 00:00:30 ; elapsed = 00:01:29 . Memory (MB): peak = 2038.980 ; gain = 403.289
---------------------------------------------------------------------------------
---------------------------------------------------------------------------------
Start Loading Part and Timing Information
---------------------------------------------------------------------------------
Loading part: xczu7ev-ffvc1156-2-e
INFO: [Synth 8-6742] Reading net delay rules and data
---------------------------------------------------------------------------------
Finished Loading Part and Timing Information : Time (s): cpu = 00:00:30 ; elapsed = 00:01:29 . Memory (MB): peak = 2038.980 ; gain = 403.289
---------------------------------------------------------------------------------
---------------------------------------------------------------------------------
Start Applying 'set_property' XDC Constraints
---------------------------------------------------------------------------------
Applied set_property KEEP_HIERARCHY = SOFT for inst. (constraint file  C:/University/Masters/Year_1/SYSC5906/SYSC5906_Project/Vivado_projects/MEC_HLS_implementation/MEC_HLS_implementation.runs/design_1_auto_ds_1_synth_1/dont_touch.xdc, line 9).
Applied set_property KEEP_HIERARCHY = SOFT for inst/\gen_downsizer.gen_simple_downsizer.axi_downsizer_inst /\USE_WRITE.write_addr_inst /\USE_B_CHANNEL.cmd_b_queue /inst/fifo_gen_inst/inst_fifo_gen/\gconvfifo.rf /\grf.rf /rstblk/\ngwrdrst.grst.g7serrst.gnsckt_wrst.rst_wr_reg2_inst . (constraint file  auto generated constraint).
Applied set_property KEEP_HIERARCHY = SOFT for inst/\gen_downsizer.gen_simple_downsizer.axi_downsizer_inst /\USE_WRITE.write_addr_inst /cmd_queue/inst/fifo_gen_inst/inst_fifo_gen/\gconvfifo.rf /\grf.rf /rstblk/\ngwrdrst.grst.g7serrst.gnsckt_wrst.rst_wr_reg2_inst . (constraint file  auto generated constraint).
Applied set_property KEEP_HIERARCHY = SOFT for inst/\gen_downsizer.gen_simple_downsizer.axi_downsizer_inst /\USE_READ.read_addr_inst /cmd_queue/inst/fifo_gen_inst/inst_fifo_gen/\gconvfifo.rf /\grf.rf /rstblk/\ngwrdrst.grst.g7serrst.gnsckt_wrst.rst_wr_reg2_inst . (constraint file  auto generated constraint).
---------------------------------------------------------------------------------
Finished applying 'set_property' XDC Constraints : Time (s): cpu = 00:00:30 ; elapsed = 00:01:29 . Memory (MB): peak = 2038.980 ; gain = 403.289
---------------------------------------------------------------------------------
INFO: [Synth 8-802] inferred FSM for state register 'gpregsm1.curr_fwft_state_reg' in module 'rd_fwft'
INFO: [Synth 8-6159] Found Keep on FSM register 'gpregsm1.curr_fwft_state_reg' in module 'rd_fwft', re-encoding will not be performed
---------------------------------------------------------------------------------------------------
                   State |                     New Encoding |                Previous Encoding 
---------------------------------------------------------------------------------------------------
                 invalid |                               00 |                               00
            stage1_valid |                               10 |                               10
       both_stages_valid |                               11 |                               11
            stage2_valid |                               01 |                               01
---------------------------------------------------------------------------------------------------
---------------------------------------------------------------------------------
Finished RTL Optimization Phase 2 : Time (s): cpu = 00:00:32 ; elapsed = 00:01:31 . Memory (MB): peak = 2038.980 ; gain = 403.289
---------------------------------------------------------------------------------
---------------------------------------------------------------------------------
Start RTL Component Statistics 
---------------------------------------------------------------------------------
Detailed RTL Component Info : 
+---Adders : 
	   2 Input   40 Bit       Adders := 2     
	   2 Input    8 Bit       Adders := 7     
	   3 Input    8 Bit       Adders := 2     
	   2 Input    6 Bit       Adders := 2     
	   2 Input    5 Bit       Adders := 6     
	   2 Input    4 Bit       Adders := 4     
+---XORs : 
	   2 Input      1 Bit         XORs := 60    
+---Registers : 
	               40 Bit    Registers := 8     
	               32 Bit    Registers := 4     
	               29 Bit    Registers := 4     
	               16 Bit    Registers := 4     
	               12 Bit    Registers := 2     
	                9 Bit    Registers := 2     
	                8 Bit    Registers := 13    
	                7 Bit    Registers := 2     
	                6 Bit    Registers := 2     
	                5 Bit    Registers := 14    
	                4 Bit    Registers := 15    
	                3 Bit    Registers := 4     
	                2 Bit    Registers := 11    
	                1 Bit    Registers := 62    
+---Muxes : 
	   8 Input   40 Bit        Muxes := 2     
	   2 Input   40 Bit        Muxes := 4     
	   4 Input   32 Bit        Muxes := 1     
	   2 Input   32 Bit        Muxes := 4     
	   2 Input   12 Bit        Muxes := 2     
	   2 Input    8 Bit        Muxes := 11    
	   8 Input    7 Bit        Muxes := 2     
	   8 Input    5 Bit        Muxes := 2     
	   2 Input    4 Bit        Muxes := 4     
	   8 Input    4 Bit        Muxes := 4     
	   2 Input    3 Bit        Muxes := 2     
	   2 Input    2 Bit        Muxes := 44    
	   4 Input    2 Bit        Muxes := 3     
	   5 Input    2 Bit        Muxes := 3     
	   3 Input    1 Bit        Muxes := 3     
	   2 Input    1 Bit        Muxes := 27    
	   4 Input    1 Bit        Muxes := 7     
---------------------------------------------------------------------------------
Finished RTL Component Statistics 
---------------------------------------------------------------------------------
---------------------------------------------------------------------------------
Start Part Resource Summary
---------------------------------------------------------------------------------
Part Resources:
DSPs: 1728 (col length:144)
BRAMs: 624 (col length: RAMB18 144 RAMB36 72)
---------------------------------------------------------------------------------
Finished Part Resource Summary
---------------------------------------------------------------------------------
---------------------------------------------------------------------------------
Start Cross Boundary and Area Optimization
---------------------------------------------------------------------------------
---------------------------------------------------------------------------------
Finished Cross Boundary and Area Optimization : Time (s): cpu = 00:00:40 ; elapsed = 00:01:41 . Memory (MB): peak = 2038.980 ; gain = 403.289
---------------------------------------------------------------------------------
---------------------------------------------------------------------------------
Start ROM, RAM, DSP, Shift Register and Retiming Reporting
---------------------------------------------------------------------------------

Distributed RAM: Preliminary Mapping Report (see note below)
+------------------------------------------------------------------------------------------------------------------------------------+-------------------------------------------------------------------------------+----------------+----------------------+---------------+
|Module Name                                                                                                                         | RTL Object                                                                    | Inference      | Size (Depth x Width) | Primitives    | 
+------------------------------------------------------------------------------------------------------------------------------------+-------------------------------------------------------------------------------+----------------+----------------------+---------------+
|inst/\gen_downsizer.gen_simple_downsizer.axi_downsizer_inst/USE_WRITE.write_addr_inst/USE_B_CHANNEL.cmd_b_queue/inst/fifo_gen_inst  | inst_fifo_gen/gconvfifo.rf/grf.rf/gntv_or_sync_fifo.mem/gdm.dm_gen.dm/RAM_reg | User Attribute | 32 x 9               | RAM32M16 x 1  | 
|inst/\gen_downsizer.gen_simple_downsizer.axi_downsizer_inst/USE_WRITE.write_addr_inst/cmd_queue/inst/fifo_gen_inst                  | inst_fifo_gen/gconvfifo.rf/grf.rf/gntv_or_sync_fifo.mem/gdm.dm_gen.dm/RAM_reg | User Attribute | 32 x 29              | RAM32M16 x 3  | 
|inst/\gen_downsizer.gen_simple_downsizer.axi_downsizer_inst/USE_READ.read_addr_inst/cmd_queue/inst/fifo_gen_inst                    | inst_fifo_gen/gconvfifo.rf/grf.rf/gntv_or_sync_fifo.mem/gdm.dm_gen.dm/RAM_reg | User Attribute | 32 x 29              | RAM32M16 x 3  | 
+------------------------------------------------------------------------------------------------------------------------------------+-------------------------------------------------------------------------------+----------------+----------------------+---------------+

Note: The table above is a preliminary report that shows the Distributed RAMs at the current stage of the synthesis flow. Some Distributed RAMs may be reimplemented as non Distributed RAM primitives later in the synthesis flow. Multiple instantiated RAMs are reported only once.
---------------------------------------------------------------------------------
Finished ROM, RAM, DSP, Shift Register and Retiming Reporting
---------------------------------------------------------------------------------
---------------------------------------------------------------------------------
Start Applying XDC Timing Constraints
---------------------------------------------------------------------------------
---------------------------------------------------------------------------------
Finished Applying XDC Timing Constraints : Time (s): cpu = 00:00:53 ; elapsed = 00:01:58 . Memory (MB): peak = 2514.219 ; gain = 878.527
---------------------------------------------------------------------------------
---------------------------------------------------------------------------------
Start Timing Optimization
---------------------------------------------------------------------------------
---------------------------------------------------------------------------------
Finished Timing Optimization : Time (s): cpu = 00:01:00 ; elapsed = 00:02:06 . Memory (MB): peak = 2624.039 ; gain = 988.348
---------------------------------------------------------------------------------
---------------------------------------------------------------------------------
Start ROM, RAM, DSP, Shift Register and Retiming Reporting
---------------------------------------------------------------------------------

Distributed RAM: Final Mapping Report
+------------------------------------------------------------------------------------------------------------------------------------+-------------------------------------------------------------------------------+----------------+----------------------+---------------+
|Module Name                                                                                                                         | RTL Object                                                                    | Inference      | Size (Depth x Width) | Primitives    | 
+------------------------------------------------------------------------------------------------------------------------------------+-------------------------------------------------------------------------------+----------------+----------------------+---------------+
|inst/\gen_downsizer.gen_simple_downsizer.axi_downsizer_inst/USE_WRITE.write_addr_inst/USE_B_CHANNEL.cmd_b_queue/inst/fifo_gen_inst  | inst_fifo_gen/gconvfifo.rf/grf.rf/gntv_or_sync_fifo.mem/gdm.dm_gen.dm/RAM_reg | User Attribute | 32 x 9               | RAM32M16 x 1  | 
|inst/\gen_downsizer.gen_simple_downsizer.axi_downsizer_inst/USE_WRITE.write_addr_inst/cmd_queue/inst/fifo_gen_inst                  | inst_fifo_gen/gconvfifo.rf/grf.rf/gntv_or_sync_fifo.mem/gdm.dm_gen.dm/RAM_reg | User Attribute | 32 x 29              | RAM32M16 x 3  | 
|inst/\gen_downsizer.gen_simple_downsizer.axi_downsizer_inst/USE_READ.read_addr_inst/cmd_queue/inst/fifo_gen_inst                    | inst_fifo_gen/gconvfifo.rf/grf.rf/gntv_or_sync_fifo.mem/gdm.dm_gen.dm/RAM_reg | User Attribute | 32 x 29              | RAM32M16 x 3  | 
+------------------------------------------------------------------------------------------------------------------------------------+-------------------------------------------------------------------------------+----------------+----------------------+---------------+

---------------------------------------------------------------------------------
Finished ROM, RAM, DSP, Shift Register and Retiming Reporting
---------------------------------------------------------------------------------
---------------------------------------------------------------------------------
Start Technology Mapping
---------------------------------------------------------------------------------
---------------------------------------------------------------------------------
Finished Technology Mapping : Time (s): cpu = 00:01:01 ; elapsed = 00:02:07 . Memory (MB): peak = 2625.102 ; gain = 989.410
---------------------------------------------------------------------------------
---------------------------------------------------------------------------------
Start IO Insertion
---------------------------------------------------------------------------------
---------------------------------------------------------------------------------
Start Flattening Before IO Insertion
---------------------------------------------------------------------------------
---------------------------------------------------------------------------------
Finished Flattening Before IO Insertion
---------------------------------------------------------------------------------
---------------------------------------------------------------------------------
Start Final Netlist Cleanup
---------------------------------------------------------------------------------
---------------------------------------------------------------------------------
Finished Final Netlist Cleanup
---------------------------------------------------------------------------------
---------------------------------------------------------------------------------
Finished IO Insertion : Time (s): cpu = 00:01:05 ; elapsed = 00:02:11 . Memory (MB): peak = 2625.102 ; gain = 989.410
---------------------------------------------------------------------------------
---------------------------------------------------------------------------------
Start Renaming Generated Instances
---------------------------------------------------------------------------------
---------------------------------------------------------------------------------
Finished Renaming Generated Instances : Time (s): cpu = 00:01:05 ; elapsed = 00:02:11 . Memory (MB): peak = 2625.102 ; gain = 989.410
---------------------------------------------------------------------------------
---------------------------------------------------------------------------------
Start Rebuilding User Hierarchy
---------------------------------------------------------------------------------
---------------------------------------------------------------------------------
Finished Rebuilding User Hierarchy : Time (s): cpu = 00:01:05 ; elapsed = 00:02:11 . Memory (MB): peak = 2625.102 ; gain = 989.410
---------------------------------------------------------------------------------
---------------------------------------------------------------------------------
Start Renaming Generated Ports
---------------------------------------------------------------------------------
---------------------------------------------------------------------------------
Finished Renaming Generated Ports : Time (s): cpu = 00:01:05 ; elapsed = 00:02:11 . Memory (MB): peak = 2625.102 ; gain = 989.410
---------------------------------------------------------------------------------
---------------------------------------------------------------------------------
Start Handling Custom Attributes
---------------------------------------------------------------------------------
---------------------------------------------------------------------------------
Finished Handling Custom Attributes : Time (s): cpu = 00:01:05 ; elapsed = 00:02:11 . Memory (MB): peak = 2625.102 ; gain = 989.410
---------------------------------------------------------------------------------
---------------------------------------------------------------------------------
Start Renaming Generated Nets
---------------------------------------------------------------------------------
---------------------------------------------------------------------------------
Finished Renaming Generated Nets : Time (s): cpu = 00:01:05 ; elapsed = 00:02:11 . Memory (MB): peak = 2625.102 ; gain = 989.410
---------------------------------------------------------------------------------
---------------------------------------------------------------------------------
Start Writing Synthesis Report
---------------------------------------------------------------------------------

Report BlackBoxes: 
+-+--------------+----------+
| |BlackBox name |Instances |
+-+--------------+----------+
+-+--------------+----------+

Report Cell Usage: 
+------+---------+------+
|      |Cell     |Count |
+------+---------+------+
|1     |CARRY8   |     8|
|2     |LUT1     |    50|
|3     |LUT2     |    86|
|4     |LUT3     |    82|
|5     |LUT4     |    80|
|6     |LUT5     |   254|
|7     |LUT6     |   389|
|8     |RAM32M16 |     5|
|9     |RAM32X1D |     2|
|10    |FDCE     |    69|
|11    |FDPE     |    33|
|12    |FDRE     |   809|
|13    |FDSE     |     5|
+------+---------+------+
---------------------------------------------------------------------------------
Finished Writing Synthesis Report : Time (s): cpu = 00:01:05 ; elapsed = 00:02:11 . Memory (MB): peak = 2625.102 ; gain = 989.410
---------------------------------------------------------------------------------
Synthesis finished with 0 errors, 0 critical warnings and 0 warnings.
Synthesis Optimization Runtime : Time (s): cpu = 00:00:40 ; elapsed = 00:02:01 . Memory (MB): peak = 2625.102 ; gain = 895.648
Synthesis Optimization Complete : Time (s): cpu = 00:01:05 ; elapsed = 00:02:12 . Memory (MB): peak = 2625.102 ; gain = 989.410
INFO: [Project 1-571] Translating synthesized netlist
Netlist sorting complete. Time (s): cpu = 00:00:00 ; elapsed = 00:00:00.086 . Memory (MB): peak = 2632.957 ; gain = 0.000
INFO: [Netlist 29-17] Analyzing 15 Unisim elements for replacement
INFO: [Netlist 29-28] Unisim Transformation completed in 0 CPU seconds
INFO: [Project 1-570] Preparing netlist for logic optimization
INFO: [Opt 31-138] Pushed 0 inverter(s) to 0 load pin(s).
Netlist sorting complete. Time (s): cpu = 00:00:00 ; elapsed = 00:00:00.001 . Memory (MB): peak = 2666.051 ; gain = 0.000
INFO: [Project 1-111] Unisim Transformation Summary:
  A total of 7 instances were transformed.
  RAM32M16 => RAM32M16 (RAMD32(x14), RAMS32(x2)): 5 instances
  RAM32X1D => RAM32X1D (RAMD32(x2)): 2 instances

Synth Design complete, checksum: 135ab5ce
INFO: [Common 17-83] Releasing license: Synthesis
49 Infos, 1 Warnings, 0 Critical Warnings and 0 Errors encountered.
synth_design completed successfully
synth_design: Time (s): cpu = 00:01:16 ; elapsed = 00:02:34 . Memory (MB): peak = 2666.051 ; gain = 1245.988
INFO: [Common 17-1381] The checkpoint 'C:/University/Masters/Year_1/SYSC5906/SYSC5906_Project/Vivado_projects/MEC_HLS_implementation/MEC_HLS_implementation.runs/design_1_auto_ds_1_synth_1/design_1_auto_ds_1.dcp' has been generated.
INFO: [Coretcl 2-1648] Added synthesis output to IP cache for IP design_1_auto_ds_1, cache-ID = 35d88b53ed142c32
INFO: [Coretcl 2-1174] Renamed 58 cell refs.
INFO: [Common 17-1381] The checkpoint 'C:/University/Masters/Year_1/SYSC5906/SYSC5906_Project/Vivado_projects/MEC_HLS_implementation/MEC_HLS_implementation.runs/design_1_auto_ds_1_synth_1/design_1_auto_ds_1.dcp' has been generated.
INFO: [runtcl-4] Executing : report_utilization -file design_1_auto_ds_1_utilization_synth.rpt -pb design_1_auto_ds_1_utilization_synth.pb
INFO: [Common 17-206] Exiting Vivado at Wed Dec  8 16:18:11 2021...
