
*** Running vivado
    with args -log design_1_xbar_0.vds -m64 -product Vivado -mode batch -messageDb vivado.pb -notrace -source design_1_xbar_0.tcl



****** Vivado v2021.1.1 (64-bit)
  **** SW Build 3286242 on Wed Jul 28 13:10:47 MDT 2021
  **** IP Build 3279568 on Wed Jul 28 16:48:48 MDT 2021
    ** Copyright 1986-2021 Xilinx, Inc. All Rights Reserved.

source design_1_xbar_0.tcl -notrace
create_project: Time (s): cpu = 00:00:02 ; elapsed = 00:00:07 . Memory (MB): peak = 1380.395 ; gain = 542.836
INFO: [IP_Flow 19-234] Refreshing IP repositories
INFO: [IP_Flow 19-1700] Loaded user IP repository 'c:/University/Masters/Year_1/SYSC5906/SYSC5906_Project/Vitis_hls_projects/extend_matrix/extend_matrix_soln/impl/ip'.
INFO: [IP_Flow 19-1700] Loaded user IP repository 'c:/University/Masters/Year_1/SYSC5906/SYSC5906_Project/Vitis_hls_projects/mul_mec_matrix/mul_mec_matrix/solution1/impl/ip'.
INFO: [IP_Flow 19-1700] Loaded user IP repository 'c:/University/Masters/Year_1/SYSC5906/SYSC5906_Project/Vitis_hls_projects/creat_mec_matrix/creat_mec_matrix/solution1/impl/ip'.
INFO: [IP_Flow 19-2313] Loaded Vivado IP repository 'G:/dev_tools/xilinx/Vivado/2021.1/data/ip'.
WARNING: [IP_Flow 19-4995] The host OS only allows 260 characters in a normal path. The IP cache path is more than 80 characters. If you experience issues with IP caching, please consider changing the IP cache to a location with a shorter path. Alternately consider using the OS subst command to map part of the path to a drive letter. 
Current IP cache path is c:/University/Masters/Year_1/SYSC5906/SYSC5906_Project/Vivado_projects/MEC_HLS_implementation/MEC_HLS_implementation.cache/ip 
Command: synth_design -top design_1_xbar_0 -part xczu7ev-ffvc1156-2-e -mode out_of_context
Starting synth_design
Attempting to get a license for feature 'Synthesis' and/or device 'xczu7ev'
INFO: [Common 17-349] Got license for feature 'Synthesis' and/or device 'xczu7ev'
INFO: [Device 21-403] Loading part xczu7ev-ffvc1156-2-e
INFO: [Synth 8-7079] Multithreading enabled for synth_design using a maximum of 2 processes.
INFO: [Synth 8-7078] Launching helper process for spawning children vivado processes
INFO: [Synth 8-7075] Helper process launched with PID 64884
---------------------------------------------------------------------------------
Starting RTL Elaboration : Time (s): cpu = 00:00:08 ; elapsed = 00:00:30 . Memory (MB): peak = 1774.602 ; gain = 134.090
---------------------------------------------------------------------------------
INFO: [Synth 8-6157] synthesizing module 'design_1_xbar_0' [c:/University/Masters/Year_1/SYSC5906/SYSC5906_Project/Vivado_projects/MEC_HLS_implementation/MEC_HLS_implementation.gen/sources_1/bd/design_1/ip/design_1_xbar_0/synth/design_1_xbar_0.v:59]
INFO: [Synth 8-6157] synthesizing module 'axi_crossbar_v2_1_25_axi_crossbar' [c:/University/Masters/Year_1/SYSC5906/SYSC5906_Project/Vivado_projects/MEC_HLS_implementation/MEC_HLS_implementation.gen/sources_1/bd/design_1/ipshared/3917/hdl/axi_crossbar_v2_1_vl_rfs.v:4884]
INFO: [Synth 8-6157] synthesizing module 'axi_crossbar_v2_1_25_crossbar_sasd' [c:/University/Masters/Year_1/SYSC5906/SYSC5906_Project/Vivado_projects/MEC_HLS_implementation/MEC_HLS_implementation.gen/sources_1/bd/design_1/ipshared/3917/hdl/axi_crossbar_v2_1_vl_rfs.v:1240]
INFO: [Synth 8-6157] synthesizing module 'axi_crossbar_v2_1_25_addr_decoder' [c:/University/Masters/Year_1/SYSC5906/SYSC5906_Project/Vivado_projects/MEC_HLS_implementation/MEC_HLS_implementation.gen/sources_1/bd/design_1/ipshared/3917/hdl/axi_crossbar_v2_1_vl_rfs.v:794]
INFO: [Synth 8-6157] synthesizing module 'generic_baseblocks_v2_1_0_comparator_static' [c:/University/Masters/Year_1/SYSC5906/SYSC5906_Project/Vivado_projects/MEC_HLS_implementation/MEC_HLS_implementation.gen/sources_1/bd/design_1/ipshared/b752/hdl/generic_baseblocks_v2_1_vl_rfs.v:2133]
INFO: [Synth 8-6157] synthesizing module 'generic_baseblocks_v2_1_0_carry_and' [c:/University/Masters/Year_1/SYSC5906/SYSC5906_Project/Vivado_projects/MEC_HLS_implementation/MEC_HLS_implementation.gen/sources_1/bd/design_1/ipshared/b752/hdl/generic_baseblocks_v2_1_vl_rfs.v:62]
INFO: [Synth 8-6155] done synthesizing module 'generic_baseblocks_v2_1_0_carry_and' (1#1) [c:/University/Masters/Year_1/SYSC5906/SYSC5906_Project/Vivado_projects/MEC_HLS_implementation/MEC_HLS_implementation.gen/sources_1/bd/design_1/ipshared/b752/hdl/generic_baseblocks_v2_1_vl_rfs.v:62]
INFO: [Synth 8-6155] done synthesizing module 'generic_baseblocks_v2_1_0_comparator_static' (2#1) [c:/University/Masters/Year_1/SYSC5906/SYSC5906_Project/Vivado_projects/MEC_HLS_implementation/MEC_HLS_implementation.gen/sources_1/bd/design_1/ipshared/b752/hdl/generic_baseblocks_v2_1_vl_rfs.v:2133]
INFO: [Synth 8-6157] synthesizing module 'generic_baseblocks_v2_1_0_comparator_static__parameterized0' [c:/University/Masters/Year_1/SYSC5906/SYSC5906_Project/Vivado_projects/MEC_HLS_implementation/MEC_HLS_implementation.gen/sources_1/bd/design_1/ipshared/b752/hdl/generic_baseblocks_v2_1_vl_rfs.v:2133]
INFO: [Synth 8-6155] done synthesizing module 'generic_baseblocks_v2_1_0_comparator_static__parameterized0' (2#1) [c:/University/Masters/Year_1/SYSC5906/SYSC5906_Project/Vivado_projects/MEC_HLS_implementation/MEC_HLS_implementation.gen/sources_1/bd/design_1/ipshared/b752/hdl/generic_baseblocks_v2_1_vl_rfs.v:2133]
INFO: [Synth 8-6157] synthesizing module 'generic_baseblocks_v2_1_0_comparator_static__parameterized1' [c:/University/Masters/Year_1/SYSC5906/SYSC5906_Project/Vivado_projects/MEC_HLS_implementation/MEC_HLS_implementation.gen/sources_1/bd/design_1/ipshared/b752/hdl/generic_baseblocks_v2_1_vl_rfs.v:2133]
INFO: [Synth 8-6155] done synthesizing module 'generic_baseblocks_v2_1_0_comparator_static__parameterized1' (2#1) [c:/University/Masters/Year_1/SYSC5906/SYSC5906_Project/Vivado_projects/MEC_HLS_implementation/MEC_HLS_implementation.gen/sources_1/bd/design_1/ipshared/b752/hdl/generic_baseblocks_v2_1_vl_rfs.v:2133]
INFO: [Synth 8-6155] done synthesizing module 'axi_crossbar_v2_1_25_addr_decoder' (3#1) [c:/University/Masters/Year_1/SYSC5906/SYSC5906_Project/Vivado_projects/MEC_HLS_implementation/MEC_HLS_implementation.gen/sources_1/bd/design_1/ipshared/3917/hdl/axi_crossbar_v2_1_vl_rfs.v:794]
INFO: [Synth 8-6157] synthesizing module 'generic_baseblocks_v2_1_0_mux_enc' [c:/University/Masters/Year_1/SYSC5906/SYSC5906_Project/Vivado_projects/MEC_HLS_implementation/MEC_HLS_implementation.gen/sources_1/bd/design_1/ipshared/b752/hdl/generic_baseblocks_v2_1_vl_rfs.v:2452]
INFO: [Synth 8-6155] done synthesizing module 'generic_baseblocks_v2_1_0_mux_enc' (4#1) [c:/University/Masters/Year_1/SYSC5906/SYSC5906_Project/Vivado_projects/MEC_HLS_implementation/MEC_HLS_implementation.gen/sources_1/bd/design_1/ipshared/b752/hdl/generic_baseblocks_v2_1_vl_rfs.v:2452]
INFO: [Synth 8-6157] synthesizing module 'generic_baseblocks_v2_1_0_mux_enc__parameterized0' [c:/University/Masters/Year_1/SYSC5906/SYSC5906_Project/Vivado_projects/MEC_HLS_implementation/MEC_HLS_implementation.gen/sources_1/bd/design_1/ipshared/b752/hdl/generic_baseblocks_v2_1_vl_rfs.v:2452]
INFO: [Synth 8-6155] done synthesizing module 'generic_baseblocks_v2_1_0_mux_enc__parameterized0' (4#1) [c:/University/Masters/Year_1/SYSC5906/SYSC5906_Project/Vivado_projects/MEC_HLS_implementation/MEC_HLS_implementation.gen/sources_1/bd/design_1/ipshared/b752/hdl/generic_baseblocks_v2_1_vl_rfs.v:2452]
INFO: [Synth 8-6157] synthesizing module 'axi_crossbar_v2_1_25_decerr_slave' [c:/University/Masters/Year_1/SYSC5906/SYSC5906_Project/Vivado_projects/MEC_HLS_implementation/MEC_HLS_implementation.gen/sources_1/bd/design_1/ipshared/3917/hdl/axi_crossbar_v2_1_vl_rfs.v:3501]
INFO: [Synth 8-6155] done synthesizing module 'axi_crossbar_v2_1_25_decerr_slave' (5#1) [c:/University/Masters/Year_1/SYSC5906/SYSC5906_Project/Vivado_projects/MEC_HLS_implementation/MEC_HLS_implementation.gen/sources_1/bd/design_1/ipshared/3917/hdl/axi_crossbar_v2_1_vl_rfs.v:3501]
INFO: [Synth 8-6157] synthesizing module 'axi_crossbar_v2_1_25_addr_arbiter_sasd' [c:/University/Masters/Year_1/SYSC5906/SYSC5906_Project/Vivado_projects/MEC_HLS_implementation/MEC_HLS_implementation.gen/sources_1/bd/design_1/ipshared/3917/hdl/axi_crossbar_v2_1_vl_rfs.v:65]
INFO: [Synth 8-6157] synthesizing module 'generic_baseblocks_v2_1_0_mux_enc__parameterized1' [c:/University/Masters/Year_1/SYSC5906/SYSC5906_Project/Vivado_projects/MEC_HLS_implementation/MEC_HLS_implementation.gen/sources_1/bd/design_1/ipshared/b752/hdl/generic_baseblocks_v2_1_vl_rfs.v:2452]
INFO: [Synth 8-6155] done synthesizing module 'generic_baseblocks_v2_1_0_mux_enc__parameterized1' (5#1) [c:/University/Masters/Year_1/SYSC5906/SYSC5906_Project/Vivado_projects/MEC_HLS_implementation/MEC_HLS_implementation.gen/sources_1/bd/design_1/ipshared/b752/hdl/generic_baseblocks_v2_1_vl_rfs.v:2452]
INFO: [Synth 8-6155] done synthesizing module 'axi_crossbar_v2_1_25_addr_arbiter_sasd' (6#1) [c:/University/Masters/Year_1/SYSC5906/SYSC5906_Project/Vivado_projects/MEC_HLS_implementation/MEC_HLS_implementation.gen/sources_1/bd/design_1/ipshared/3917/hdl/axi_crossbar_v2_1_vl_rfs.v:65]
INFO: [Synth 8-6157] synthesizing module 'axi_crossbar_v2_1_25_splitter' [c:/University/Masters/Year_1/SYSC5906/SYSC5906_Project/Vivado_projects/MEC_HLS_implementation/MEC_HLS_implementation.gen/sources_1/bd/design_1/ipshared/3917/hdl/axi_crossbar_v2_1_vl_rfs.v:4461]
INFO: [Synth 8-6155] done synthesizing module 'axi_crossbar_v2_1_25_splitter' (7#1) [c:/University/Masters/Year_1/SYSC5906/SYSC5906_Project/Vivado_projects/MEC_HLS_implementation/MEC_HLS_implementation.gen/sources_1/bd/design_1/ipshared/3917/hdl/axi_crossbar_v2_1_vl_rfs.v:4461]
INFO: [Synth 8-6157] synthesizing module 'axi_crossbar_v2_1_25_splitter__parameterized0' [c:/University/Masters/Year_1/SYSC5906/SYSC5906_Project/Vivado_projects/MEC_HLS_implementation/MEC_HLS_implementation.gen/sources_1/bd/design_1/ipshared/3917/hdl/axi_crossbar_v2_1_vl_rfs.v:4461]
INFO: [Synth 8-6155] done synthesizing module 'axi_crossbar_v2_1_25_splitter__parameterized0' (7#1) [c:/University/Masters/Year_1/SYSC5906/SYSC5906_Project/Vivado_projects/MEC_HLS_implementation/MEC_HLS_implementation.gen/sources_1/bd/design_1/ipshared/3917/hdl/axi_crossbar_v2_1_vl_rfs.v:4461]
INFO: [Synth 8-6157] synthesizing module 'generic_baseblocks_v2_1_0_mux_enc__parameterized2' [c:/University/Masters/Year_1/SYSC5906/SYSC5906_Project/Vivado_projects/MEC_HLS_implementation/MEC_HLS_implementation.gen/sources_1/bd/design_1/ipshared/b752/hdl/generic_baseblocks_v2_1_vl_rfs.v:2452]
INFO: [Synth 8-6155] done synthesizing module 'generic_baseblocks_v2_1_0_mux_enc__parameterized2' (7#1) [c:/University/Masters/Year_1/SYSC5906/SYSC5906_Project/Vivado_projects/MEC_HLS_implementation/MEC_HLS_implementation.gen/sources_1/bd/design_1/ipshared/b752/hdl/generic_baseblocks_v2_1_vl_rfs.v:2452]
INFO: [Synth 8-6157] synthesizing module 'generic_baseblocks_v2_1_0_mux_enc__parameterized3' [c:/University/Masters/Year_1/SYSC5906/SYSC5906_Project/Vivado_projects/MEC_HLS_implementation/MEC_HLS_implementation.gen/sources_1/bd/design_1/ipshared/b752/hdl/generic_baseblocks_v2_1_vl_rfs.v:2452]
INFO: [Synth 8-6155] done synthesizing module 'generic_baseblocks_v2_1_0_mux_enc__parameterized3' (7#1) [c:/University/Masters/Year_1/SYSC5906/SYSC5906_Project/Vivado_projects/MEC_HLS_implementation/MEC_HLS_implementation.gen/sources_1/bd/design_1/ipshared/b752/hdl/generic_baseblocks_v2_1_vl_rfs.v:2452]
INFO: [Synth 8-6157] synthesizing module 'axi_register_slice_v2_1_24_axic_register_slice' [c:/University/Masters/Year_1/SYSC5906/SYSC5906_Project/Vivado_projects/MEC_HLS_implementation/MEC_HLS_implementation.gen/sources_1/bd/design_1/ipshared/8f68/hdl/axi_register_slice_v2_1_vl_rfs.v:1498]
INFO: [Synth 8-6155] done synthesizing module 'axi_register_slice_v2_1_24_axic_register_slice' (8#1) [c:/University/Masters/Year_1/SYSC5906/SYSC5906_Project/Vivado_projects/MEC_HLS_implementation/MEC_HLS_implementation.gen/sources_1/bd/design_1/ipshared/8f68/hdl/axi_register_slice_v2_1_vl_rfs.v:1498]
INFO: [Synth 8-6157] synthesizing module 'generic_baseblocks_v2_1_0_mux_enc__parameterized4' [c:/University/Masters/Year_1/SYSC5906/SYSC5906_Project/Vivado_projects/MEC_HLS_implementation/MEC_HLS_implementation.gen/sources_1/bd/design_1/ipshared/b752/hdl/generic_baseblocks_v2_1_vl_rfs.v:2452]
INFO: [Synth 8-6155] done synthesizing module 'generic_baseblocks_v2_1_0_mux_enc__parameterized4' (8#1) [c:/University/Masters/Year_1/SYSC5906/SYSC5906_Project/Vivado_projects/MEC_HLS_implementation/MEC_HLS_implementation.gen/sources_1/bd/design_1/ipshared/b752/hdl/generic_baseblocks_v2_1_vl_rfs.v:2452]
INFO: [Synth 8-6155] done synthesizing module 'axi_crossbar_v2_1_25_crossbar_sasd' (9#1) [c:/University/Masters/Year_1/SYSC5906/SYSC5906_Project/Vivado_projects/MEC_HLS_implementation/MEC_HLS_implementation.gen/sources_1/bd/design_1/ipshared/3917/hdl/axi_crossbar_v2_1_vl_rfs.v:1240]
INFO: [Synth 8-6155] done synthesizing module 'axi_crossbar_v2_1_25_axi_crossbar' (10#1) [c:/University/Masters/Year_1/SYSC5906/SYSC5906_Project/Vivado_projects/MEC_HLS_implementation/MEC_HLS_implementation.gen/sources_1/bd/design_1/ipshared/3917/hdl/axi_crossbar_v2_1_vl_rfs.v:4884]
INFO: [Synth 8-6155] done synthesizing module 'design_1_xbar_0' (11#1) [c:/University/Masters/Year_1/SYSC5906/SYSC5906_Project/Vivado_projects/MEC_HLS_implementation/MEC_HLS_implementation.gen/sources_1/bd/design_1/ip/design_1_xbar_0/synth/design_1_xbar_0.v:59]
---------------------------------------------------------------------------------
Finished RTL Elaboration : Time (s): cpu = 00:00:14 ; elapsed = 00:01:10 . Memory (MB): peak = 1934.750 ; gain = 294.238
---------------------------------------------------------------------------------
---------------------------------------------------------------------------------
Start Handling Custom Attributes
---------------------------------------------------------------------------------
---------------------------------------------------------------------------------
Finished Handling Custom Attributes : Time (s): cpu = 00:00:15 ; elapsed = 00:01:11 . Memory (MB): peak = 1934.750 ; gain = 294.238
---------------------------------------------------------------------------------
---------------------------------------------------------------------------------
Finished RTL Optimization Phase 1 : Time (s): cpu = 00:00:15 ; elapsed = 00:01:11 . Memory (MB): peak = 1934.750 ; gain = 294.238
---------------------------------------------------------------------------------
Netlist sorting complete. Time (s): cpu = 00:00:00 ; elapsed = 00:00:00.078 . Memory (MB): peak = 1934.750 ; gain = 0.000
INFO: [Project 1-570] Preparing netlist for logic optimization

Processing XDC Constraints
Initializing timing engine
Parsing XDC File [c:/University/Masters/Year_1/SYSC5906/SYSC5906_Project/Vivado_projects/MEC_HLS_implementation/MEC_HLS_implementation.gen/sources_1/bd/design_1/ip/design_1_xbar_0/design_1_xbar_0_ooc.xdc] for cell 'inst'
create_clock: Time (s): cpu = 00:00:06 ; elapsed = 00:00:06 . Memory (MB): peak = 2028.207 ; gain = 2.949
Finished Parsing XDC File [c:/University/Masters/Year_1/SYSC5906/SYSC5906_Project/Vivado_projects/MEC_HLS_implementation/MEC_HLS_implementation.gen/sources_1/bd/design_1/ip/design_1_xbar_0/design_1_xbar_0_ooc.xdc] for cell 'inst'
Parsing XDC File [C:/University/Masters/Year_1/SYSC5906/SYSC5906_Project/Vivado_projects/MEC_HLS_implementation/MEC_HLS_implementation.runs/design_1_xbar_0_synth_1/dont_touch.xdc]
Finished Parsing XDC File [C:/University/Masters/Year_1/SYSC5906/SYSC5906_Project/Vivado_projects/MEC_HLS_implementation/MEC_HLS_implementation.runs/design_1_xbar_0_synth_1/dont_touch.xdc]
Completed Processing XDC Constraints

Netlist sorting complete. Time (s): cpu = 00:00:00 ; elapsed = 00:00:00.001 . Memory (MB): peak = 2028.207 ; gain = 0.000
INFO: [Project 1-111] Unisim Transformation Summary:
No Unisim elements were transformed.

Constraint Validation Runtime : Time (s): cpu = 00:00:00 ; elapsed = 00:00:00.075 . Memory (MB): peak = 2028.207 ; gain = 0.000
---------------------------------------------------------------------------------
Finished Constraint Validation : Time (s): cpu = 00:00:28 ; elapsed = 00:01:26 . Memory (MB): peak = 2028.207 ; gain = 387.695
---------------------------------------------------------------------------------
---------------------------------------------------------------------------------
Start Loading Part and Timing Information
---------------------------------------------------------------------------------
Loading part: xczu7ev-ffvc1156-2-e
INFO: [Synth 8-6742] Reading net delay rules and data
---------------------------------------------------------------------------------
Finished Loading Part and Timing Information : Time (s): cpu = 00:00:28 ; elapsed = 00:01:26 . Memory (MB): peak = 2028.207 ; gain = 387.695
---------------------------------------------------------------------------------
---------------------------------------------------------------------------------
Start Applying 'set_property' XDC Constraints
---------------------------------------------------------------------------------
Applied set_property KEEP_HIERARCHY = SOFT for inst. (constraint file  C:/University/Masters/Year_1/SYSC5906/SYSC5906_Project/Vivado_projects/MEC_HLS_implementation/MEC_HLS_implementation.runs/design_1_xbar_0_synth_1/dont_touch.xdc, line 9).
---------------------------------------------------------------------------------
Finished applying 'set_property' XDC Constraints : Time (s): cpu = 00:00:28 ; elapsed = 00:01:26 . Memory (MB): peak = 2028.207 ; gain = 387.695
---------------------------------------------------------------------------------
---------------------------------------------------------------------------------
Finished RTL Optimization Phase 2 : Time (s): cpu = 00:00:29 ; elapsed = 00:01:27 . Memory (MB): peak = 2028.207 ; gain = 387.695
---------------------------------------------------------------------------------
---------------------------------------------------------------------------------
Start RTL Component Statistics 
---------------------------------------------------------------------------------
Detailed RTL Component Info : 
+---Registers : 
	               72 Bit    Registers := 1     
	               36 Bit    Registers := 2     
	                4 Bit    Registers := 1     
	                3 Bit    Registers := 1     
	                2 Bit    Registers := 8     
	                1 Bit    Registers := 11    
+---Muxes : 
	   2 Input   72 Bit        Muxes := 2     
	   2 Input   36 Bit        Muxes := 2     
	   2 Input    4 Bit        Muxes := 1     
	   2 Input    3 Bit        Muxes := 1     
	   2 Input    1 Bit        Muxes := 38    
---------------------------------------------------------------------------------
Finished RTL Component Statistics 
---------------------------------------------------------------------------------
---------------------------------------------------------------------------------
Start Part Resource Summary
---------------------------------------------------------------------------------
Part Resources:
DSPs: 1728 (col length:144)
BRAMs: 624 (col length: RAMB18 144 RAMB36 72)
---------------------------------------------------------------------------------
Finished Part Resource Summary
---------------------------------------------------------------------------------
---------------------------------------------------------------------------------
Start Cross Boundary and Area Optimization
---------------------------------------------------------------------------------
---------------------------------------------------------------------------------
Finished Cross Boundary and Area Optimization : Time (s): cpu = 00:00:32 ; elapsed = 00:01:31 . Memory (MB): peak = 2028.207 ; gain = 387.695
---------------------------------------------------------------------------------
---------------------------------------------------------------------------------
Start Applying XDC Timing Constraints
---------------------------------------------------------------------------------
---------------------------------------------------------------------------------
Finished Applying XDC Timing Constraints : Time (s): cpu = 00:00:45 ; elapsed = 00:01:47 . Memory (MB): peak = 2514.402 ; gain = 873.891
---------------------------------------------------------------------------------
---------------------------------------------------------------------------------
Start Timing Optimization
---------------------------------------------------------------------------------
---------------------------------------------------------------------------------
Finished Timing Optimization : Time (s): cpu = 00:00:46 ; elapsed = 00:01:48 . Memory (MB): peak = 2550.410 ; gain = 909.898
---------------------------------------------------------------------------------
---------------------------------------------------------------------------------
Start Technology Mapping
---------------------------------------------------------------------------------
---------------------------------------------------------------------------------
Finished Technology Mapping : Time (s): cpu = 00:00:46 ; elapsed = 00:01:49 . Memory (MB): peak = 2564.387 ; gain = 923.875
---------------------------------------------------------------------------------
---------------------------------------------------------------------------------
Start IO Insertion
---------------------------------------------------------------------------------
---------------------------------------------------------------------------------
Start Flattening Before IO Insertion
---------------------------------------------------------------------------------
---------------------------------------------------------------------------------
Finished Flattening Before IO Insertion
---------------------------------------------------------------------------------
---------------------------------------------------------------------------------
Start Final Netlist Cleanup
---------------------------------------------------------------------------------
---------------------------------------------------------------------------------
Finished Final Netlist Cleanup
---------------------------------------------------------------------------------
---------------------------------------------------------------------------------
Finished IO Insertion : Time (s): cpu = 00:00:50 ; elapsed = 00:01:54 . Memory (MB): peak = 2564.387 ; gain = 923.875
---------------------------------------------------------------------------------
---------------------------------------------------------------------------------
Start Renaming Generated Instances
---------------------------------------------------------------------------------
---------------------------------------------------------------------------------
Finished Renaming Generated Instances : Time (s): cpu = 00:00:50 ; elapsed = 00:01:54 . Memory (MB): peak = 2564.387 ; gain = 923.875
---------------------------------------------------------------------------------
---------------------------------------------------------------------------------
Start Rebuilding User Hierarchy
---------------------------------------------------------------------------------
---------------------------------------------------------------------------------
Finished Rebuilding User Hierarchy : Time (s): cpu = 00:00:50 ; elapsed = 00:01:54 . Memory (MB): peak = 2564.387 ; gain = 923.875
---------------------------------------------------------------------------------
---------------------------------------------------------------------------------
Start Renaming Generated Ports
---------------------------------------------------------------------------------
---------------------------------------------------------------------------------
Finished Renaming Generated Ports : Time (s): cpu = 00:00:50 ; elapsed = 00:01:54 . Memory (MB): peak = 2564.387 ; gain = 923.875
---------------------------------------------------------------------------------
---------------------------------------------------------------------------------
Start Handling Custom Attributes
---------------------------------------------------------------------------------
---------------------------------------------------------------------------------
Finished Handling Custom Attributes : Time (s): cpu = 00:00:50 ; elapsed = 00:01:54 . Memory (MB): peak = 2564.387 ; gain = 923.875
---------------------------------------------------------------------------------
---------------------------------------------------------------------------------
Start Renaming Generated Nets
---------------------------------------------------------------------------------
---------------------------------------------------------------------------------
Finished Renaming Generated Nets : Time (s): cpu = 00:00:50 ; elapsed = 00:01:54 . Memory (MB): peak = 2564.387 ; gain = 923.875
---------------------------------------------------------------------------------
---------------------------------------------------------------------------------
Start Writing Synthesis Report
---------------------------------------------------------------------------------

Report BlackBoxes: 
+-+--------------+----------+
| |BlackBox name |Instances |
+-+--------------+----------+
+-+--------------+----------+

Report Cell Usage: 
+------+-----+------+
|      |Cell |Count |
+------+-----+------+
|1     |LUT1 |     1|
|2     |LUT2 |    24|
|3     |LUT3 |    76|
|4     |LUT4 |    66|
|5     |LUT5 |    26|
|6     |LUT6 |    91|
|7     |FDRE |   146|
|8     |FDSE |     1|
+------+-----+------+
---------------------------------------------------------------------------------
Finished Writing Synthesis Report : Time (s): cpu = 00:00:50 ; elapsed = 00:01:54 . Memory (MB): peak = 2564.387 ; gain = 923.875
---------------------------------------------------------------------------------
Synthesis finished with 0 errors, 0 critical warnings and 0 warnings.
Synthesis Optimization Runtime : Time (s): cpu = 00:00:27 ; elapsed = 00:01:44 . Memory (MB): peak = 2564.387 ; gain = 830.418
Synthesis Optimization Complete : Time (s): cpu = 00:00:50 ; elapsed = 00:01:54 . Memory (MB): peak = 2564.387 ; gain = 923.875
INFO: [Project 1-571] Translating synthesized netlist
Netlist sorting complete. Time (s): cpu = 00:00:00 ; elapsed = 00:00:00.030 . Memory (MB): peak = 2570.211 ; gain = 0.000
INFO: [Project 1-570] Preparing netlist for logic optimization
INFO: [Opt 31-138] Pushed 0 inverter(s) to 0 load pin(s).
Netlist sorting complete. Time (s): cpu = 00:00:00 ; elapsed = 00:00:00 . Memory (MB): peak = 2596.203 ; gain = 0.000
INFO: [Project 1-111] Unisim Transformation Summary:
No Unisim elements were transformed.

Synth Design complete, checksum: 582e8dd2
INFO: [Common 17-83] Releasing license: Synthesis
56 Infos, 1 Warnings, 0 Critical Warnings and 0 Errors encountered.
synth_design completed successfully
synth_design: Time (s): cpu = 00:01:00 ; elapsed = 00:02:15 . Memory (MB): peak = 2596.203 ; gain = 1188.918
INFO: [Common 17-1381] The checkpoint 'C:/University/Masters/Year_1/SYSC5906/SYSC5906_Project/Vivado_projects/MEC_HLS_implementation/MEC_HLS_implementation.runs/design_1_xbar_0_synth_1/design_1_xbar_0.dcp' has been generated.
INFO: [Coretcl 2-1648] Added synthesis output to IP cache for IP design_1_xbar_0, cache-ID = e0061e35ca3564f5
INFO: [Coretcl 2-1174] Renamed 7 cell refs.
INFO: [Common 17-1381] The checkpoint 'C:/University/Masters/Year_1/SYSC5906/SYSC5906_Project/Vivado_projects/MEC_HLS_implementation/MEC_HLS_implementation.runs/design_1_xbar_0_synth_1/design_1_xbar_0.dcp' has been generated.
INFO: [runtcl-4] Executing : report_utilization -file design_1_xbar_0_utilization_synth.rpt -pb design_1_xbar_0_utilization_synth.pb
INFO: [Common 17-206] Exiting Vivado at Wed Dec  8 16:17:51 2021...
