
*** Running vivado
    with args -log design_1_wrapper.vds -m64 -product Vivado -mode batch -messageDb vivado.pb -notrace -source design_1_wrapper.tcl



****** Vivado v2021.1.1 (64-bit)
  **** SW Build 3286242 on Wed Jul 28 13:10:47 MDT 2021
  **** IP Build 3279568 on Wed Jul 28 16:48:48 MDT 2021
    ** Copyright 1986-2021 Xilinx, Inc. All Rights Reserved.

source design_1_wrapper.tcl -notrace
INFO: [IP_Flow 19-234] Refreshing IP repositories
INFO: [IP_Flow 19-1700] Loaded user IP repository 'c:/University/Masters/Year_1/SYSC5906/SYSC5906_Project/Vitis_hls_projects/extend_matrix/extend_matrix_soln/impl/ip'.
INFO: [IP_Flow 19-2313] Loaded Vivado IP repository 'G:/dev_tools/xilinx/Vivado/2021.1/data/ip'.
WARNING: [IP_Flow 19-4995] The host OS only allows 260 characters in a normal path. The IP cache path is more than 80 characters. If you experience issues with IP caching, please consider changing the IP cache to a location with a shorter path. Alternately consider using the OS subst command to map part of the path to a drive letter. 
Current IP cache path is c:/University/Masters/Year_1/SYSC5906/SYSC5906_Project/Vivado_projects/MEC_HLS_Extend/MEC_HLS_Extend.cache/ip 
Command: synth_design -top design_1_wrapper -part xczu7ev-ffvc1156-2-e
Starting synth_design
Attempting to get a license for feature 'Synthesis' and/or device 'xczu7ev'
INFO: [Common 17-349] Got license for feature 'Synthesis' and/or device 'xczu7ev'
INFO: [Device 21-403] Loading part xczu7ev-ffvc1156-2-e
INFO: [Synth 8-7079] Multithreading enabled for synth_design using a maximum of 2 processes.
INFO: [Synth 8-7078] Launching helper process for spawning children vivado processes
INFO: [Synth 8-7075] Helper process launched with PID 50804
---------------------------------------------------------------------------------
Starting RTL Elaboration : Time (s): cpu = 00:00:03 ; elapsed = 00:00:03 . Memory (MB): peak = 1792.293 ; gain = 132.641
---------------------------------------------------------------------------------
INFO: [Synth 8-6157] synthesizing module 'design_1_wrapper' [c:/University/Masters/Year_1/SYSC5906/SYSC5906_Project/Vivado_projects/MEC_HLS_Extend/MEC_HLS_Extend.gen/sources_1/bd/design_1/hdl/design_1_wrapper.v:12]
INFO: [Synth 8-6157] synthesizing module 'design_1' [c:/University/Masters/Year_1/SYSC5906/SYSC5906_Project/Vivado_projects/MEC_HLS_Extend/MEC_HLS_Extend.gen/sources_1/bd/design_1/synth/design_1.v:13]
INFO: [Synth 8-6157] synthesizing module 'design_1_axi_smc_0' [C:/University/Masters/Year_1/SYSC5906/SYSC5906_Project/Vivado_projects/MEC_HLS_Extend/MEC_HLS_Extend.runs/synth_1/.Xil/Vivado-18704-DESKTOP-J45FL4K/realtime/design_1_axi_smc_0_stub.v:6]
INFO: [Synth 8-6155] done synthesizing module 'design_1_axi_smc_0' (1#1) [C:/University/Masters/Year_1/SYSC5906/SYSC5906_Project/Vivado_projects/MEC_HLS_Extend/MEC_HLS_Extend.runs/synth_1/.Xil/Vivado-18704-DESKTOP-J45FL4K/realtime/design_1_axi_smc_0_stub.v:6]
INFO: [Synth 8-6157] synthesizing module 'design_1_extend_matrix_0_0' [C:/University/Masters/Year_1/SYSC5906/SYSC5906_Project/Vivado_projects/MEC_HLS_Extend/MEC_HLS_Extend.runs/synth_1/.Xil/Vivado-18704-DESKTOP-J45FL4K/realtime/design_1_extend_matrix_0_0_stub.v:6]
INFO: [Synth 8-6155] done synthesizing module 'design_1_extend_matrix_0_0' (2#1) [C:/University/Masters/Year_1/SYSC5906/SYSC5906_Project/Vivado_projects/MEC_HLS_Extend/MEC_HLS_Extend.runs/synth_1/.Xil/Vivado-18704-DESKTOP-J45FL4K/realtime/design_1_extend_matrix_0_0_stub.v:6]
WARNING: [Synth 8-7071] port 'interrupt' of module 'design_1_extend_matrix_0_0' is unconnected for instance 'extend_matrix_0' [c:/University/Masters/Year_1/SYSC5906/SYSC5906_Project/Vivado_projects/MEC_HLS_Extend/MEC_HLS_Extend.gen/sources_1/bd/design_1/synth/design_1.v:209]
WARNING: [Synth 8-7071] port 'm_axi_gmem_AWREGION' of module 'design_1_extend_matrix_0_0' is unconnected for instance 'extend_matrix_0' [c:/University/Masters/Year_1/SYSC5906/SYSC5906_Project/Vivado_projects/MEC_HLS_Extend/MEC_HLS_Extend.gen/sources_1/bd/design_1/synth/design_1.v:209]
WARNING: [Synth 8-7071] port 'm_axi_gmem_ARREGION' of module 'design_1_extend_matrix_0_0' is unconnected for instance 'extend_matrix_0' [c:/University/Masters/Year_1/SYSC5906/SYSC5906_Project/Vivado_projects/MEC_HLS_Extend/MEC_HLS_Extend.gen/sources_1/bd/design_1/synth/design_1.v:209]
WARNING: [Synth 8-7023] instance 'extend_matrix_0' of module 'design_1_extend_matrix_0_0' has 55 connections declared, but only 52 given [c:/University/Masters/Year_1/SYSC5906/SYSC5906_Project/Vivado_projects/MEC_HLS_Extend/MEC_HLS_Extend.gen/sources_1/bd/design_1/synth/design_1.v:209]
INFO: [Synth 8-6157] synthesizing module 'design_1_ps8_0_axi_periph_0' [c:/University/Masters/Year_1/SYSC5906/SYSC5906_Project/Vivado_projects/MEC_HLS_Extend/MEC_HLS_Extend.gen/sources_1/bd/design_1/synth/design_1.v:412]
INFO: [Synth 8-6157] synthesizing module 's00_couplers_imp_1A7ZMW4' [c:/University/Masters/Year_1/SYSC5906/SYSC5906_Project/Vivado_projects/MEC_HLS_Extend/MEC_HLS_Extend.gen/sources_1/bd/design_1/synth/design_1.v:712]
INFO: [Synth 8-6157] synthesizing module 'design_1_auto_ds_0' [C:/University/Masters/Year_1/SYSC5906/SYSC5906_Project/Vivado_projects/MEC_HLS_Extend/MEC_HLS_Extend.runs/synth_1/.Xil/Vivado-18704-DESKTOP-J45FL4K/realtime/design_1_auto_ds_0_stub.v:6]
INFO: [Synth 8-6155] done synthesizing module 'design_1_auto_ds_0' (3#1) [C:/University/Masters/Year_1/SYSC5906/SYSC5906_Project/Vivado_projects/MEC_HLS_Extend/MEC_HLS_Extend.runs/synth_1/.Xil/Vivado-18704-DESKTOP-J45FL4K/realtime/design_1_auto_ds_0_stub.v:6]
INFO: [Synth 8-6157] synthesizing module 'design_1_auto_pc_0' [C:/University/Masters/Year_1/SYSC5906/SYSC5906_Project/Vivado_projects/MEC_HLS_Extend/MEC_HLS_Extend.runs/synth_1/.Xil/Vivado-18704-DESKTOP-J45FL4K/realtime/design_1_auto_pc_0_stub.v:6]
INFO: [Synth 8-6155] done synthesizing module 'design_1_auto_pc_0' (4#1) [C:/University/Masters/Year_1/SYSC5906/SYSC5906_Project/Vivado_projects/MEC_HLS_Extend/MEC_HLS_Extend.runs/synth_1/.Xil/Vivado-18704-DESKTOP-J45FL4K/realtime/design_1_auto_pc_0_stub.v:6]
WARNING: [Synth 8-7071] port 'm_axi_awprot' of module 'design_1_auto_pc_0' is unconnected for instance 'auto_pc' [c:/University/Masters/Year_1/SYSC5906/SYSC5906_Project/Vivado_projects/MEC_HLS_Extend/MEC_HLS_Extend.gen/sources_1/bd/design_1/synth/design_1.v:1055]
WARNING: [Synth 8-7071] port 'm_axi_arprot' of module 'design_1_auto_pc_0' is unconnected for instance 'auto_pc' [c:/University/Masters/Year_1/SYSC5906/SYSC5906_Project/Vivado_projects/MEC_HLS_Extend/MEC_HLS_Extend.gen/sources_1/bd/design_1/synth/design_1.v:1055]
WARNING: [Synth 8-7023] instance 'auto_pc' of module 'design_1_auto_pc_0' has 56 connections declared, but only 54 given [c:/University/Masters/Year_1/SYSC5906/SYSC5906_Project/Vivado_projects/MEC_HLS_Extend/MEC_HLS_Extend.gen/sources_1/bd/design_1/synth/design_1.v:1055]
INFO: [Synth 8-6155] done synthesizing module 's00_couplers_imp_1A7ZMW4' (5#1) [c:/University/Masters/Year_1/SYSC5906/SYSC5906_Project/Vivado_projects/MEC_HLS_Extend/MEC_HLS_Extend.gen/sources_1/bd/design_1/synth/design_1.v:712]
INFO: [Synth 8-6155] done synthesizing module 'design_1_ps8_0_axi_periph_0' (6#1) [c:/University/Masters/Year_1/SYSC5906/SYSC5906_Project/Vivado_projects/MEC_HLS_Extend/MEC_HLS_Extend.gen/sources_1/bd/design_1/synth/design_1.v:412]
INFO: [Synth 8-6157] synthesizing module 'design_1_rst_ps8_0_99M_0' [C:/University/Masters/Year_1/SYSC5906/SYSC5906_Project/Vivado_projects/MEC_HLS_Extend/MEC_HLS_Extend.runs/synth_1/.Xil/Vivado-18704-DESKTOP-J45FL4K/realtime/design_1_rst_ps8_0_99M_0_stub.v:6]
INFO: [Synth 8-6155] done synthesizing module 'design_1_rst_ps8_0_99M_0' (7#1) [C:/University/Masters/Year_1/SYSC5906/SYSC5906_Project/Vivado_projects/MEC_HLS_Extend/MEC_HLS_Extend.runs/synth_1/.Xil/Vivado-18704-DESKTOP-J45FL4K/realtime/design_1_rst_ps8_0_99M_0_stub.v:6]
WARNING: [Synth 8-7071] port 'mb_reset' of module 'design_1_rst_ps8_0_99M_0' is unconnected for instance 'rst_ps8_0_99M' [c:/University/Masters/Year_1/SYSC5906/SYSC5906_Project/Vivado_projects/MEC_HLS_Extend/MEC_HLS_Extend.gen/sources_1/bd/design_1/synth/design_1.v:323]
WARNING: [Synth 8-7071] port 'bus_struct_reset' of module 'design_1_rst_ps8_0_99M_0' is unconnected for instance 'rst_ps8_0_99M' [c:/University/Masters/Year_1/SYSC5906/SYSC5906_Project/Vivado_projects/MEC_HLS_Extend/MEC_HLS_Extend.gen/sources_1/bd/design_1/synth/design_1.v:323]
WARNING: [Synth 8-7071] port 'peripheral_reset' of module 'design_1_rst_ps8_0_99M_0' is unconnected for instance 'rst_ps8_0_99M' [c:/University/Masters/Year_1/SYSC5906/SYSC5906_Project/Vivado_projects/MEC_HLS_Extend/MEC_HLS_Extend.gen/sources_1/bd/design_1/synth/design_1.v:323]
WARNING: [Synth 8-7071] port 'interconnect_aresetn' of module 'design_1_rst_ps8_0_99M_0' is unconnected for instance 'rst_ps8_0_99M' [c:/University/Masters/Year_1/SYSC5906/SYSC5906_Project/Vivado_projects/MEC_HLS_Extend/MEC_HLS_Extend.gen/sources_1/bd/design_1/synth/design_1.v:323]
WARNING: [Synth 8-7023] instance 'rst_ps8_0_99M' of module 'design_1_rst_ps8_0_99M_0' has 10 connections declared, but only 6 given [c:/University/Masters/Year_1/SYSC5906/SYSC5906_Project/Vivado_projects/MEC_HLS_Extend/MEC_HLS_Extend.gen/sources_1/bd/design_1/synth/design_1.v:323]
INFO: [Synth 8-6157] synthesizing module 'design_1_zynq_ultra_ps_e_0_0' [C:/University/Masters/Year_1/SYSC5906/SYSC5906_Project/Vivado_projects/MEC_HLS_Extend/MEC_HLS_Extend.runs/synth_1/.Xil/Vivado-18704-DESKTOP-J45FL4K/realtime/design_1_zynq_ultra_ps_e_0_0_stub.v:6]
INFO: [Synth 8-6155] done synthesizing module 'design_1_zynq_ultra_ps_e_0_0' (8#1) [C:/University/Masters/Year_1/SYSC5906/SYSC5906_Project/Vivado_projects/MEC_HLS_Extend/MEC_HLS_Extend.runs/synth_1/.Xil/Vivado-18704-DESKTOP-J45FL4K/realtime/design_1_zynq_ultra_ps_e_0_0_stub.v:6]
WARNING: [Synth 8-7071] port 'maxigp0_awuser' of module 'design_1_zynq_ultra_ps_e_0_0' is unconnected for instance 'zynq_ultra_ps_e_0' [c:/University/Masters/Year_1/SYSC5906/SYSC5906_Project/Vivado_projects/MEC_HLS_Extend/MEC_HLS_Extend.gen/sources_1/bd/design_1/synth/design_1.v:330]
WARNING: [Synth 8-7071] port 'maxigp0_aruser' of module 'design_1_zynq_ultra_ps_e_0_0' is unconnected for instance 'zynq_ultra_ps_e_0' [c:/University/Masters/Year_1/SYSC5906/SYSC5906_Project/Vivado_projects/MEC_HLS_Extend/MEC_HLS_Extend.gen/sources_1/bd/design_1/synth/design_1.v:330]
WARNING: [Synth 8-7071] port 'saxigp2_bid' of module 'design_1_zynq_ultra_ps_e_0_0' is unconnected for instance 'zynq_ultra_ps_e_0' [c:/University/Masters/Year_1/SYSC5906/SYSC5906_Project/Vivado_projects/MEC_HLS_Extend/MEC_HLS_Extend.gen/sources_1/bd/design_1/synth/design_1.v:330]
WARNING: [Synth 8-7071] port 'saxigp2_rid' of module 'design_1_zynq_ultra_ps_e_0_0' is unconnected for instance 'zynq_ultra_ps_e_0' [c:/University/Masters/Year_1/SYSC5906/SYSC5906_Project/Vivado_projects/MEC_HLS_Extend/MEC_HLS_Extend.gen/sources_1/bd/design_1/synth/design_1.v:330]
WARNING: [Synth 8-7023] instance 'zynq_ultra_ps_e_0' of module 'design_1_zynq_ultra_ps_e_0_0' has 83 connections declared, but only 79 given [c:/University/Masters/Year_1/SYSC5906/SYSC5906_Project/Vivado_projects/MEC_HLS_Extend/MEC_HLS_Extend.gen/sources_1/bd/design_1/synth/design_1.v:330]
INFO: [Synth 8-6155] done synthesizing module 'design_1' (9#1) [c:/University/Masters/Year_1/SYSC5906/SYSC5906_Project/Vivado_projects/MEC_HLS_Extend/MEC_HLS_Extend.gen/sources_1/bd/design_1/synth/design_1.v:13]
INFO: [Synth 8-6155] done synthesizing module 'design_1_wrapper' (10#1) [c:/University/Masters/Year_1/SYSC5906/SYSC5906_Project/Vivado_projects/MEC_HLS_Extend/MEC_HLS_Extend.gen/sources_1/bd/design_1/hdl/design_1_wrapper.v:12]
---------------------------------------------------------------------------------
Finished RTL Elaboration : Time (s): cpu = 00:00:04 ; elapsed = 00:00:04 . Memory (MB): peak = 1844.129 ; gain = 184.477
---------------------------------------------------------------------------------
---------------------------------------------------------------------------------
Start Handling Custom Attributes
---------------------------------------------------------------------------------
---------------------------------------------------------------------------------
Finished Handling Custom Attributes : Time (s): cpu = 00:00:04 ; elapsed = 00:00:04 . Memory (MB): peak = 1844.129 ; gain = 184.477
---------------------------------------------------------------------------------
---------------------------------------------------------------------------------
Finished RTL Optimization Phase 1 : Time (s): cpu = 00:00:04 ; elapsed = 00:00:04 . Memory (MB): peak = 1844.129 ; gain = 184.477
---------------------------------------------------------------------------------
Netlist sorting complete. Time (s): cpu = 00:00:00 ; elapsed = 00:00:00.021 . Memory (MB): peak = 1844.129 ; gain = 0.000
INFO: [Project 1-570] Preparing netlist for logic optimization

Processing XDC Constraints
Initializing timing engine
Parsing XDC File [c:/University/Masters/Year_1/SYSC5906/SYSC5906_Project/Vivado_projects/MEC_HLS_Extend/MEC_HLS_Extend.gen/sources_1/bd/design_1/ip/design_1_zynq_ultra_ps_e_0_0/design_1_zynq_ultra_ps_e_0_0/design_1_zynq_ultra_ps_e_0_0_in_context.xdc] for cell 'design_1_i/zynq_ultra_ps_e_0'
Finished Parsing XDC File [c:/University/Masters/Year_1/SYSC5906/SYSC5906_Project/Vivado_projects/MEC_HLS_Extend/MEC_HLS_Extend.gen/sources_1/bd/design_1/ip/design_1_zynq_ultra_ps_e_0_0/design_1_zynq_ultra_ps_e_0_0/design_1_zynq_ultra_ps_e_0_0_in_context.xdc] for cell 'design_1_i/zynq_ultra_ps_e_0'
Parsing XDC File [c:/University/Masters/Year_1/SYSC5906/SYSC5906_Project/Vivado_projects/MEC_HLS_Extend/MEC_HLS_Extend.gen/sources_1/bd/design_1/ip/design_1_extend_matrix_0_0/design_1_extend_matrix_0_0/design_1_extend_matrix_0_0_in_context.xdc] for cell 'design_1_i/extend_matrix_0'
Finished Parsing XDC File [c:/University/Masters/Year_1/SYSC5906/SYSC5906_Project/Vivado_projects/MEC_HLS_Extend/MEC_HLS_Extend.gen/sources_1/bd/design_1/ip/design_1_extend_matrix_0_0/design_1_extend_matrix_0_0/design_1_extend_matrix_0_0_in_context.xdc] for cell 'design_1_i/extend_matrix_0'
Parsing XDC File [c:/University/Masters/Year_1/SYSC5906/SYSC5906_Project/Vivado_projects/MEC_HLS_Extend/MEC_HLS_Extend.gen/sources_1/bd/design_1/ip/design_1_auto_ds_0/design_1_auto_ds_0/design_1_auto_ds_0_in_context.xdc] for cell 'design_1_i/ps8_0_axi_periph/s00_couplers/auto_ds'
Finished Parsing XDC File [c:/University/Masters/Year_1/SYSC5906/SYSC5906_Project/Vivado_projects/MEC_HLS_Extend/MEC_HLS_Extend.gen/sources_1/bd/design_1/ip/design_1_auto_ds_0/design_1_auto_ds_0/design_1_auto_ds_0_in_context.xdc] for cell 'design_1_i/ps8_0_axi_periph/s00_couplers/auto_ds'
Parsing XDC File [c:/University/Masters/Year_1/SYSC5906/SYSC5906_Project/Vivado_projects/MEC_HLS_Extend/MEC_HLS_Extend.gen/sources_1/bd/design_1/ip/design_1_auto_pc_0/design_1_auto_pc_0/design_1_auto_pc_0_in_context.xdc] for cell 'design_1_i/ps8_0_axi_periph/s00_couplers/auto_pc'
Finished Parsing XDC File [c:/University/Masters/Year_1/SYSC5906/SYSC5906_Project/Vivado_projects/MEC_HLS_Extend/MEC_HLS_Extend.gen/sources_1/bd/design_1/ip/design_1_auto_pc_0/design_1_auto_pc_0/design_1_auto_pc_0_in_context.xdc] for cell 'design_1_i/ps8_0_axi_periph/s00_couplers/auto_pc'
Parsing XDC File [c:/University/Masters/Year_1/SYSC5906/SYSC5906_Project/Vivado_projects/MEC_HLS_Extend/MEC_HLS_Extend.gen/sources_1/bd/design_1/ip/design_1_rst_ps8_0_99M_0/design_1_rst_ps8_0_99M_0/design_1_rst_ps8_0_99M_0_in_context.xdc] for cell 'design_1_i/rst_ps8_0_99M'
Finished Parsing XDC File [c:/University/Masters/Year_1/SYSC5906/SYSC5906_Project/Vivado_projects/MEC_HLS_Extend/MEC_HLS_Extend.gen/sources_1/bd/design_1/ip/design_1_rst_ps8_0_99M_0/design_1_rst_ps8_0_99M_0/design_1_rst_ps8_0_99M_0_in_context.xdc] for cell 'design_1_i/rst_ps8_0_99M'
Parsing XDC File [c:/University/Masters/Year_1/SYSC5906/SYSC5906_Project/Vivado_projects/MEC_HLS_Extend/MEC_HLS_Extend.gen/sources_1/bd/design_1/ip/design_1_axi_smc_0/design_1_axi_smc_0/design_1_axi_smc_0_in_context.xdc] for cell 'design_1_i/axi_smc'
Finished Parsing XDC File [c:/University/Masters/Year_1/SYSC5906/SYSC5906_Project/Vivado_projects/MEC_HLS_Extend/MEC_HLS_Extend.gen/sources_1/bd/design_1/ip/design_1_axi_smc_0/design_1_axi_smc_0/design_1_axi_smc_0_in_context.xdc] for cell 'design_1_i/axi_smc'
Parsing XDC File [C:/University/Masters/Year_1/SYSC5906/SYSC5906_Project/Vivado_projects/MEC_HLS_Extend/MEC_HLS_Extend.runs/synth_1/dont_touch.xdc]
Finished Parsing XDC File [C:/University/Masters/Year_1/SYSC5906/SYSC5906_Project/Vivado_projects/MEC_HLS_Extend/MEC_HLS_Extend.runs/synth_1/dont_touch.xdc]
Completed Processing XDC Constraints

Netlist sorting complete. Time (s): cpu = 00:00:00 ; elapsed = 00:00:00.001 . Memory (MB): peak = 1884.293 ; gain = 0.000
INFO: [Project 1-111] Unisim Transformation Summary:
No Unisim elements were transformed.

Constraint Validation Runtime : Time (s): cpu = 00:00:00 ; elapsed = 00:00:00.004 . Memory (MB): peak = 1884.293 ; gain = 0.000
---------------------------------------------------------------------------------
Finished Constraint Validation : Time (s): cpu = 00:00:11 ; elapsed = 00:00:11 . Memory (MB): peak = 1884.293 ; gain = 224.641
---------------------------------------------------------------------------------
---------------------------------------------------------------------------------
Start Loading Part and Timing Information
---------------------------------------------------------------------------------
Loading part: xczu7ev-ffvc1156-2-e
INFO: [Synth 8-6742] Reading net delay rules and data
---------------------------------------------------------------------------------
Finished Loading Part and Timing Information : Time (s): cpu = 00:00:11 ; elapsed = 00:00:11 . Memory (MB): peak = 1884.293 ; gain = 224.641
---------------------------------------------------------------------------------
---------------------------------------------------------------------------------
Start Applying 'set_property' XDC Constraints
---------------------------------------------------------------------------------
Applied set_property KEEP_HIERARCHY = SOFT for design_1_i. (constraint file  auto generated constraint).
Applied set_property KEEP_HIERARCHY = SOFT for design_1_i/zynq_ultra_ps_e_0. (constraint file  auto generated constraint).
Applied set_property KEEP_HIERARCHY = SOFT for design_1_i/extend_matrix_0. (constraint file  auto generated constraint).
Applied set_property KEEP_HIERARCHY = SOFT for design_1_i/ps8_0_axi_periph/s00_couplers/auto_ds. (constraint file  auto generated constraint).
Applied set_property KEEP_HIERARCHY = SOFT for design_1_i/ps8_0_axi_periph/s00_couplers/auto_pc. (constraint file  auto generated constraint).
Applied set_property KEEP_HIERARCHY = SOFT for design_1_i/ps8_0_axi_periph. (constraint file  auto generated constraint).
Applied set_property KEEP_HIERARCHY = SOFT for design_1_i/rst_ps8_0_99M. (constraint file  auto generated constraint).
Applied set_property KEEP_HIERARCHY = SOFT for design_1_i/axi_smc. (constraint file  auto generated constraint).
---------------------------------------------------------------------------------
Finished applying 'set_property' XDC Constraints : Time (s): cpu = 00:00:11 ; elapsed = 00:00:11 . Memory (MB): peak = 1884.293 ; gain = 224.641
---------------------------------------------------------------------------------
---------------------------------------------------------------------------------
Finished RTL Optimization Phase 2 : Time (s): cpu = 00:00:11 ; elapsed = 00:00:11 . Memory (MB): peak = 1884.293 ; gain = 224.641
---------------------------------------------------------------------------------
---------------------------------------------------------------------------------
Start RTL Component Statistics 
---------------------------------------------------------------------------------
Detailed RTL Component Info : 
---------------------------------------------------------------------------------
Finished RTL Component Statistics 
---------------------------------------------------------------------------------
---------------------------------------------------------------------------------
Start Part Resource Summary
---------------------------------------------------------------------------------
Part Resources:
DSPs: 1728 (col length:144)
BRAMs: 624 (col length: RAMB18 144 RAMB36 72)
---------------------------------------------------------------------------------
Finished Part Resource Summary
---------------------------------------------------------------------------------
---------------------------------------------------------------------------------
Start Cross Boundary and Area Optimization
---------------------------------------------------------------------------------
---------------------------------------------------------------------------------
Finished Cross Boundary and Area Optimization : Time (s): cpu = 00:00:12 ; elapsed = 00:00:12 . Memory (MB): peak = 1884.293 ; gain = 224.641
---------------------------------------------------------------------------------
---------------------------------------------------------------------------------
Start Applying XDC Timing Constraints
---------------------------------------------------------------------------------
---------------------------------------------------------------------------------
Finished Applying XDC Timing Constraints : Time (s): cpu = 00:00:19 ; elapsed = 00:00:20 . Memory (MB): peak = 2499.984 ; gain = 840.332
---------------------------------------------------------------------------------
---------------------------------------------------------------------------------
Start Timing Optimization
---------------------------------------------------------------------------------
---------------------------------------------------------------------------------
Finished Timing Optimization : Time (s): cpu = 00:00:19 ; elapsed = 00:00:20 . Memory (MB): peak = 2499.984 ; gain = 840.332
---------------------------------------------------------------------------------
---------------------------------------------------------------------------------
Start Technology Mapping
---------------------------------------------------------------------------------
---------------------------------------------------------------------------------
Finished Technology Mapping : Time (s): cpu = 00:00:19 ; elapsed = 00:00:20 . Memory (MB): peak = 2520.062 ; gain = 860.410
---------------------------------------------------------------------------------
---------------------------------------------------------------------------------
Start IO Insertion
---------------------------------------------------------------------------------
---------------------------------------------------------------------------------
Start Flattening Before IO Insertion
---------------------------------------------------------------------------------
---------------------------------------------------------------------------------
Finished Flattening Before IO Insertion
---------------------------------------------------------------------------------
---------------------------------------------------------------------------------
Start Final Netlist Cleanup
---------------------------------------------------------------------------------
---------------------------------------------------------------------------------
Finished Final Netlist Cleanup
---------------------------------------------------------------------------------
---------------------------------------------------------------------------------
Finished IO Insertion : Time (s): cpu = 00:00:22 ; elapsed = 00:00:22 . Memory (MB): peak = 2524.949 ; gain = 865.297
---------------------------------------------------------------------------------
---------------------------------------------------------------------------------
Start Renaming Generated Instances
---------------------------------------------------------------------------------
---------------------------------------------------------------------------------
Finished Renaming Generated Instances : Time (s): cpu = 00:00:22 ; elapsed = 00:00:22 . Memory (MB): peak = 2524.949 ; gain = 865.297
---------------------------------------------------------------------------------
---------------------------------------------------------------------------------
Start Rebuilding User Hierarchy
---------------------------------------------------------------------------------
---------------------------------------------------------------------------------
Finished Rebuilding User Hierarchy : Time (s): cpu = 00:00:22 ; elapsed = 00:00:22 . Memory (MB): peak = 2524.949 ; gain = 865.297
---------------------------------------------------------------------------------
---------------------------------------------------------------------------------
Start Renaming Generated Ports
---------------------------------------------------------------------------------
---------------------------------------------------------------------------------
Finished Renaming Generated Ports : Time (s): cpu = 00:00:22 ; elapsed = 00:00:22 . Memory (MB): peak = 2524.949 ; gain = 865.297
---------------------------------------------------------------------------------
---------------------------------------------------------------------------------
Start Handling Custom Attributes
---------------------------------------------------------------------------------
---------------------------------------------------------------------------------
Finished Handling Custom Attributes : Time (s): cpu = 00:00:22 ; elapsed = 00:00:22 . Memory (MB): peak = 2524.949 ; gain = 865.297
---------------------------------------------------------------------------------
---------------------------------------------------------------------------------
Start Renaming Generated Nets
---------------------------------------------------------------------------------
---------------------------------------------------------------------------------
Finished Renaming Generated Nets : Time (s): cpu = 00:00:22 ; elapsed = 00:00:22 . Memory (MB): peak = 2524.949 ; gain = 865.297
---------------------------------------------------------------------------------
---------------------------------------------------------------------------------
Start Writing Synthesis Report
---------------------------------------------------------------------------------

Report BlackBoxes: 
+------+-----------------------------+----------+
|      |BlackBox name                |Instances |
+------+-----------------------------+----------+
|1     |design_1_auto_ds_0           |         1|
|2     |design_1_auto_pc_0           |         1|
|3     |design_1_axi_smc_0           |         1|
|4     |design_1_extend_matrix_0_0   |         1|
|5     |design_1_rst_ps8_0_99M_0     |         1|
|6     |design_1_zynq_ultra_ps_e_0_0 |         1|
+------+-----------------------------+----------+

Report Cell Usage: 
+------+---------------------------+------+
|      |Cell                       |Count |
+------+---------------------------+------+
|1     |design_1_auto_ds           |     1|
|2     |design_1_auto_pc           |     1|
|3     |design_1_axi_smc           |     1|
|4     |design_1_extend_matrix_0   |     1|
|5     |design_1_rst_ps8_0_99M     |     1|
|6     |design_1_zynq_ultra_ps_e_0 |     1|
+------+---------------------------+------+
---------------------------------------------------------------------------------
Finished Writing Synthesis Report : Time (s): cpu = 00:00:22 ; elapsed = 00:00:22 . Memory (MB): peak = 2524.949 ; gain = 865.297
---------------------------------------------------------------------------------
Synthesis finished with 0 errors, 0 critical warnings and 0 warnings.
Synthesis Optimization Runtime : Time (s): cpu = 00:00:14 ; elapsed = 00:00:18 . Memory (MB): peak = 2524.949 ; gain = 825.133
Synthesis Optimization Complete : Time (s): cpu = 00:00:22 ; elapsed = 00:00:23 . Memory (MB): peak = 2524.949 ; gain = 865.297
INFO: [Project 1-571] Translating synthesized netlist
Netlist sorting complete. Time (s): cpu = 00:00:00 ; elapsed = 00:00:00.021 . Memory (MB): peak = 2524.949 ; gain = 0.000
INFO: [Project 1-570] Preparing netlist for logic optimization
INFO: [Opt 31-138] Pushed 0 inverter(s) to 0 load pin(s).
Netlist sorting complete. Time (s): cpu = 00:00:00 ; elapsed = 00:00:00 . Memory (MB): peak = 2576.457 ; gain = 0.000
INFO: [Project 1-111] Unisim Transformation Summary:
No Unisim elements were transformed.

Synth Design complete, checksum: 681e5f31
INFO: [Common 17-83] Releasing license: Synthesis
36 Infos, 18 Warnings, 0 Critical Warnings and 0 Errors encountered.
synth_design completed successfully
synth_design: Time (s): cpu = 00:00:26 ; elapsed = 00:00:28 . Memory (MB): peak = 2581.465 ; gain = 1299.504
INFO: [Common 17-1381] The checkpoint 'C:/University/Masters/Year_1/SYSC5906/SYSC5906_Project/Vivado_projects/MEC_HLS_Extend/MEC_HLS_Extend.runs/synth_1/design_1_wrapper.dcp' has been generated.
INFO: [runtcl-4] Executing : report_utilization -file design_1_wrapper_utilization_synth.rpt -pb design_1_wrapper_utilization_synth.pb
INFO: [Common 17-206] Exiting Vivado at Tue Dec 14 12:38:00 2021...
