Copyright 1986-2021 Xilinx, Inc. All Rights Reserved.
---------------------------------------------------------------------------------------------------------------------------
| Tool Version : Vivado v.2021.1.1 (win64) Build 3286242 Wed Jul 28 13:10:47 MDT 2021
| Date         : Fri Dec 17 02:31:05 2021
| Host         : DESKTOP-J45FL4K running 64-bit major release  (build 9200)
| Command      : report_utilization -file design_1_wrapper_utilization_synth.rpt -pb design_1_wrapper_utilization_synth.pb
| Design       : design_1_wrapper
| Device       : xczu7evffvc1156-2
| Design State : Synthesized
---------------------------------------------------------------------------------------------------------------------------

Utilization Design Information

Table of Contents
-----------------
1. CLB Logic
1.1 Summary of Registers by Type
2. BLOCKRAM
3. ARITHMETIC
4. I/O
5. CLOCK
6. ADVANCED
7. CONFIGURATION
8. Primitives
9. Black Boxes
10. Instantiated Netlists

1. CLB Logic
------------

+----------------------------+--------+-------+------------+-----------+-------+
|          Site Type         |  Used  | Fixed | Prohibited | Available | Util% |
+----------------------------+--------+-------+------------+-----------+-------+
| CLB LUTs*                  |  84836 |     0 |          0 |    230400 | 36.82 |
|   LUT as Logic             |  81043 |     0 |          0 |    230400 | 35.17 |
|   LUT as Memory            |   3793 |     0 |          0 |    101760 |  3.73 |
|     LUT as Distributed RAM |   1338 |     0 |            |           |       |
|     LUT as Shift Register  |   2455 |     0 |            |           |       |
| CLB Registers              | 110166 |     0 |          0 |    460800 | 23.91 |
|   Register as Flip Flop    | 110166 |     0 |          0 |    460800 | 23.91 |
|   Register as Latch        |      0 |     0 |          0 |    460800 |  0.00 |
| CARRY8                     |   7689 |     0 |          0 |     28800 | 26.70 |
| F7 Muxes                   |    130 |     0 |          0 |    115200 |  0.11 |
| F8 Muxes                   |     32 |     0 |          0 |     57600 |  0.06 |
| F9 Muxes                   |      0 |     0 |          0 |     28800 |  0.00 |
+----------------------------+--------+-------+------------+-----------+-------+
* Warning! The Final LUT count, after physical optimizations and full implementation, is typically lower. Run opt_design after synthesis, if not already completed, for a more realistic count.


1.1 Summary of Registers by Type
--------------------------------

+--------+--------------+-------------+--------------+
|  Total | Clock Enable | Synchronous | Asynchronous |
+--------+--------------+-------------+--------------+
| 0      |            _ |           - |            - |
| 0      |            _ |           - |          Set |
| 0      |            _ |           - |        Reset |
| 0      |            _ |         Set |            - |
| 0      |            _ |       Reset |            - |
| 0      |          Yes |           - |            - |
| 66     |          Yes |           - |          Set |
| 288    |          Yes |           - |        Reset |
| 293    |          Yes |         Set |            - |
| 109519 |          Yes |       Reset |            - |
+--------+--------------+-------------+--------------+


2. BLOCKRAM
-----------

+-------------------+------+-------+------------+-----------+-------+
|     Site Type     | Used | Fixed | Prohibited | Available | Util% |
+-------------------+------+-------+------------+-----------+-------+
| Block RAM Tile    |  2.5 |     0 |          0 |       312 |  0.80 |
|   RAMB36/FIFO*    |    0 |     0 |          0 |       312 |  0.00 |
|   RAMB18          |    5 |     0 |          0 |       624 |  0.80 |
|     RAMB18E2 only |    5 |       |            |           |       |
| URAM              |    0 |     0 |          0 |        96 |  0.00 |
+-------------------+------+-------+------------+-----------+-------+
* Note: Each Block RAM Tile only has one FIFO logic available and therefore can accommodate only one FIFO36E2 or one FIFO18E2. However, if a FIFO18E2 occupies a Block RAM Tile, that tile can still accommodate a RAMB18E2


3. ARITHMETIC
-------------

+----------------+------+-------+------------+-----------+-------+
|    Site Type   | Used | Fixed | Prohibited | Available | Util% |
+----------------+------+-------+------------+-----------+-------+
| DSPs           |  140 |     0 |          0 |      1728 |  8.10 |
|   DSP48E2 only |  140 |       |            |           |       |
+----------------+------+-------+------------+-----------+-------+


4. I/O
------

+------------+------+-------+------------+-----------+-------+
|  Site Type | Used | Fixed | Prohibited | Available | Util% |
+------------+------+-------+------------+-----------+-------+
| Bonded IOB |    0 |     0 |          0 |       360 |  0.00 |
+------------+------+-------+------------+-----------+-------+


5. CLOCK
--------

+----------------------+------+-------+------------+-----------+-------+
|       Site Type      | Used | Fixed | Prohibited | Available | Util% |
+----------------------+------+-------+------------+-----------+-------+
| GLOBAL CLOCK BUFFERs |    1 |     0 |          0 |       544 |  0.18 |
|   BUFGCE             |    0 |     0 |          0 |       208 |  0.00 |
|   BUFGCE_DIV         |    0 |     0 |          0 |        32 |  0.00 |
|   BUFG_GT            |    0 |     0 |          0 |       144 |  0.00 |
|   BUFG_PS            |    1 |     0 |          0 |        96 |  1.04 |
|   BUFGCTRL*          |    0 |     0 |          0 |        64 |  0.00 |
| PLL                  |    0 |     0 |          0 |        16 |  0.00 |
| MMCM                 |    0 |     0 |          0 |         8 |  0.00 |
+----------------------+------+-------+------------+-----------+-------+
* Note: Each used BUFGCTRL counts as two GLOBAL CLOCK BUFFERs. This table does not include global clocking resources, only buffer cell usage. See the Clock Utilization Report (report_clock_utilization) for detailed accounting of global clocking resource availability.


6. ADVANCED
-----------

+-----------------+------+-------+------------+-----------+--------+
|    Site Type    | Used | Fixed | Prohibited | Available |  Util% |
+-----------------+------+-------+------------+-----------+--------+
| GTHE4_CHANNEL   |    0 |     0 |          0 |        20 |   0.00 |
| GTHE4_COMMON    |    0 |     0 |          0 |         5 |   0.00 |
| OBUFDS_GTE4     |    0 |     0 |          0 |        10 |   0.00 |
| OBUFDS_GTE4_ADV |    0 |     0 |          0 |        10 |   0.00 |
| PCIE40E4        |    0 |     0 |          0 |         2 |   0.00 |
| PS8             |    1 |     0 |          0 |         1 | 100.00 |
| SYSMONE4        |    0 |     0 |          0 |         1 |   0.00 |
| VCU             |    0 |     0 |          0 |         1 |   0.00 |
+-----------------+------+-------+------------+-----------+--------+


7. CONFIGURATION
----------------

+-------------+------+-------+------------+-----------+-------+
|  Site Type  | Used | Fixed | Prohibited | Available | Util% |
+-------------+------+-------+------------+-----------+-------+
| BSCANE2     |    0 |     0 |          0 |         4 |  0.00 |
| DNA_PORTE2  |    0 |     0 |          0 |         1 |  0.00 |
| EFUSE_USR   |    0 |     0 |          0 |         1 |  0.00 |
| FRAME_ECCE4 |    0 |     0 |          0 |         1 |  0.00 |
| ICAPE3      |    0 |     0 |          0 |         2 |  0.00 |
| MASTER_JTAG |    0 |     0 |          0 |         1 |  0.00 |
| STARTUPE3   |    0 |     0 |          0 |         1 |  0.00 |
+-------------+------+-------+------------+-----------+-------+


8. Primitives
-------------

+----------+--------+---------------------+
| Ref Name |  Used  | Functional Category |
+----------+--------+---------------------+
| FDRE     | 109519 |            Register |
| LUT3     |  46024 |                 CLB |
| LUT2     |  45712 |                 CLB |
| CARRY8   |   7689 |                 CLB |
| LUT6     |   4863 |                 CLB |
| LUT1     |   3147 |                 CLB |
| LUT4     |   2815 |                 CLB |
| LUT5     |   2417 |                 CLB |
| RAMD32   |   2322 |                 CLB |
| SRL16E   |   1377 |                 CLB |
| SRLC32E  |   1078 |                 CLB |
| RAMS32   |    340 |                 CLB |
| FDSE     |    293 |            Register |
| FDCE     |    288 |            Register |
| DSP48E2  |    140 |          Arithmetic |
| MUXF7    |    130 |                 CLB |
| FDPE     |     66 |            Register |
| MUXF8    |     32 |                 CLB |
| RAMB18E2 |      5 |            BLOCKRAM |
| PS8      |      1 |            Advanced |
| BUFG_PS  |      1 |               Clock |
+----------+--------+---------------------+


9. Black Boxes
--------------

+----------+------+
| Ref Name | Used |
+----------+------+


10. Instantiated Netlists
-------------------------

+----------+------+
| Ref Name | Used |
+----------+------+


