INFO: [HLS 200-10] Running 'G:/dev_tools/xilinx/Vitis_HLS/2021.1/bin/unwrapped/win64.o/vitis_hls.exe'
INFO: [HLS 200-10] For user 'Hari' on host 'desktop-j45fl4k' (Windows NT_amd64 version 6.2) on Fri Dec 17 09:40:20 -0500 2021
INFO: [HLS 200-10] In directory 'C:/University/Masters/Year_1/SYSC5906/SYSC5906_Project/Vitis_hls_projects/mul_v2'
Sourcing Tcl script 'C:/University/Masters/Year_1/SYSC5906/SYSC5906_Project/Vitis_hls_projects/mul_v2/mul_v2/solution1/export.tcl'
INFO: [HLS 200-1510] Running: open_project mul_v2 
INFO: [HLS 200-10] Opening project 'C:/University/Masters/Year_1/SYSC5906/SYSC5906_Project/Vitis_hls_projects/mul_v2/mul_v2'.
INFO: [HLS 200-1510] Running: set_top mul_v2 
INFO: [HLS 200-1510] Running: add_files mul_v2/mul_v2.cl 
INFO: [HLS 200-10] Adding design file 'mul_v2/mul_v2.cl' to the project
INFO: [HLS 200-1510] Running: add_files -tb mul_v2/mul_test.c -cflags -Wno-unknown-pragmas -csimflags -Wno-unknown-pragmas 
INFO: [HLS 200-10] Adding test bench file 'mul_v2/mul_test.c' to the project
INFO: [HLS 200-1510] Running: open_solution solution1 -flow_target vivado 
INFO: [HLS 200-10] Opening solution 'C:/University/Masters/Year_1/SYSC5906/SYSC5906_Project/Vitis_hls_projects/mul_v2/mul_v2/solution1'.
INFO: [SYN 201-201] Setting up clock 'default' with a period of 10ns.
INFO: [HLS 200-1611] Setting target device to 'xczu7ev-ffvc1156-2-e'
INFO: [HLS 200-1505] Using flow_target 'vivado'
Resolution: For help on HLS 200-1505 see www.xilinx.com/cgi-bin/docs/rdoc?v=2021.1;t=hls+guidance;d=200-1505.html
INFO: [HLS 200-1464] Running solution command: config_export -format=sysgen
INFO: [HLS 200-1464] Running solution command: config_export -rtl=verilog
INFO: [HLS 200-1464] Running solution command: config_export -vivado_clock=10
INFO: [HLS 200-1510] Running: set_part xczu7ev-ffvc1156-2-e 
INFO: [HLS 200-1510] Running: create_clock -period 10 -name default 
INFO: [HLS 200-1510] Running: config_export -format sysgen -rtl verilog -vivado_clock 10 
INFO: [HLS 200-1510] Running: set_directive_top -name mul_v2 mul_v2 
INFO: [HLS 200-1510] Running: export_design -rtl verilog -format sysgen 
INFO: [IMPL 213-8] Exporting RTL as a Vivado IP.

****** Vivado v2021.1.1 (64-bit)
  **** SW Build 3286242 on Wed Jul 28 13:10:47 MDT 2021
  **** IP Build 3279568 on Wed Jul 28 16:48:48 MDT 2021
    ** Copyright 1986-2021 Xilinx, Inc. All Rights Reserved.

source run_ippack.tcl -notrace
INFO: [IP_Flow 19-234] Refreshing IP repositories
INFO: [IP_Flow 19-1704] No user IP repositories specified
INFO: [IP_Flow 19-2313] Loaded Vivado IP repository 'G:/dev_tools/xilinx/Vivado/2021.1/data/ip'.
INFO: [Common 17-206] Exiting Vivado at Fri Dec 17 09:40:29 2021...
INFO: [HLS 200-802] Generated output file mul_v2/solution1/impl/export.zip
INFO: [HLS 200-111] Finished Command export_design CPU user time: 1 seconds. CPU system time: 0 seconds. Elapsed time: 8.103 seconds; current allocated memory: 241.042 MB.
